SF:lib\models\episode.dart
DA:11,1
DA:23,0
DA:24,0
DA:59,0
LF:4
LH:1
end_of_record
SF:lib\models\episode.g.dart
DA:9,0
DA:10,0
DA:11,0
DA:12,0
DA:13,0
DA:14,0
DA:15,0
DA:16,0
DA:17,0
DA:20,0
DA:21,0
DA:22,0
DA:23,0
DA:24,0
DA:25,0
DA:26,0
DA:27,0
DA:28,0
LF:18
LH:0
end_of_record
SF:lib\services\api_service.dart
DA:14,0
DA:15,0
DA:16,0
DA:17,0
DA:25,0
DA:26,0
DA:27,0
DA:28,0
DA:29,0
DA:30,0
DA:31,0
DA:32,0
DA:33,0
DA:34,0
DA:35,0
DA:37,0
DA:40,0
DA:41,0
DA:49,0
DA:50,0
DA:51,0
DA:52,0
DA:53,0
DA:54,0
DA:58,0
DA:59,0
DA:60,0
DA:64,0
DA:65,0
DA:66,0
DA:67,0
DA:68,0
DA:71,0
DA:74,0
DA:75,0
DA:76,0
DA:80,0
DA:81,0
DA:83,0
DA:87,0
DA:89,0
DA:95,0
DA:98,0
DA:99,0
DA:104,0
DA:106,0
DA:107,0
DA:109,0
DA:112,0
DA:113,0
DA:122,0
DA:123,0
DA:124,0
DA:125,0
DA:128,0
DA:130,0
DA:134,0
DA:135,0
DA:136,0
DA:137,0
DA:138,0
DA:139,0
DA:142,0
DA:143,0
DA:144,0
DA:148,0
DA:149,0
DA:151,0
DA:155,0
DA:158,0
DA:159,0
DA:160,0
DA:161,0
DA:162,0
DA:169,0
DA:173,0
DA:175,0
DA:187,0
DA:188,0
DA:191,0
DA:192,0
DA:193,0
DA:195,0
DA:200,0
DA:201,0
DA:205,0
DA:206,0
DA:207,0
DA:208,0
DA:209,0
DA:219,0
DA:220,0
DA:223,0
DA:224,0
DA:225,0
DA:227,0
DA:232,0
DA:233,0
DA:237,0
DA:239,0
DA:240,0
DA:241,0
DA:242,0
DA:250,0
DA:251,0
DA:253,0
DA:254,0
DA:255,0
DA:259,0
DA:260,0
DA:262,0
DA:263,0
DA:268,0
DA:269,0
DA:271,0
DA:275,0
DA:276,0
DA:277,0
DA:279,0
DA:284,0
DA:285,0
DA:286,0
DA:290,0
DA:291,0
DA:292,0
DA:295,0
DA:297,0
DA:301,0
DA:302,0
DA:305,0
DA:306,0
DA:307,0
DA:309,0
DA:314,0
DA:315,0
DA:319,0
DA:322,0
DA:323,0
DA:328,0
DA:329,0
DA:331,0
DA:333,0
DA:334,0
DA:335,0
DA:339,0
DA:340,0
DA:343,0
DA:344,0
DA:347,0
DA:349,0
DA:350,0
DA:351,0
DA:354,0
DA:357,0
DA:359,0
DA:361,0
DA:369,0
DA:372,0
DA:374,0
DA:376,0
DA:377,0
DA:378,0
DA:381,0
DA:383,0
DA:385,0
DA:388,0
DA:392,0
DA:398,0
DA:400,0
DA:402,0
DA:403,0
DA:405,0
DA:407,0
DA:410,0
DA:411,0
DA:413,0
DA:415,0
DA:416,0
DA:417,0
DA:419,0
DA:420,0
DA:421,0
DA:426,0
DA:427,0
DA:428,0
DA:430,0
DA:431,0
DA:432,0
DA:434,0
DA:436,0
DA:437,0
DA:439,0
DA:441,0
DA:445,0
DA:446,0
DA:448,0
DA:449,0
DA:450,0
DA:451,0
DA:453,0
DA:454,0
DA:456,0
DA:457,0
DA:458,0
DA:459,0
DA:460,0
DA:462,0
DA:464,0
DA:466,0
DA:471,0
DA:472,0
DA:480,0
DA:481,0
DA:482,0
DA:484,0
DA:487,0
DA:491,0
DA:492,0
DA:495,0
DA:496,0
DA:498,0
DA:500,0
DA:504,0
DA:507,0
DA:508,0
DA:513,0
DA:515,0
DA:516,0
DA:519,0
DA:521,0
DA:522,0
DA:524,0
DA:528,0
DA:530,0
DA:532,0
DA:535,0
DA:536,0
DA:537,0
DA:538,0
DA:539,0
DA:540,0
DA:545,0
DA:547,0
DA:549,0
DA:553,0
DA:556,0
DA:559,0
DA:560,0
DA:562,0
DA:564,0
DA:566,0
DA:569,0
DA:570,0
DA:571,0
DA:572,0
DA:573,0
DA:575,0
DA:579,0
DA:581,0
DA:582,0
DA:588,0
DA:589,0
DA:590,0
DA:594,0
DA:595,0
DA:600,0
DA:601,0
DA:602,0
DA:604,0
DA:605,0
DA:606,0
DA:608,0
DA:609,0
DA:612,0
DA:613,0
DA:623,0
DA:625,0
DA:633,0
DA:635,0
DA:638,0
DA:639,0
DA:640,0
DA:643,0
DA:645,0
DA:646,0
DA:651,0
DA:653,0
DA:654,0
DA:655,0
DA:656,0
DA:657,0
DA:658,0
DA:659,0
DA:660,0
DA:661,0
DA:662,0
DA:663,0
DA:664,0
DA:665,0
DA:666,0
DA:667,0
DA:669,0
DA:673,0
DA:675,0
DA:677,0
LF:305
LH:0
end_of_record
SF:lib\widgets\novel_content.dart
DA:9,5
DA:12,2
DA:13,3
DA:14,2
DA:15,1
DA:19,0
DA:29,0
DA:31,0
DA:33,0
DA:34,0
DA:35,0
DA:36,0
DA:39,0
DA:40,0
DA:42,0
DA:43,0
DA:44,0
DA:45,0
DA:48,0
DA:49,0
DA:53,0
DA:58,0
DA:59,0
DA:60,0
DA:63,0
DA:64,0
DA:66,0
DA:69,0
DA:70,0
DA:71,0
DA:72,0
DA:75,0
DA:84,0
DA:86,0
DA:87,0
LF:35
LH:5
end_of_record
SF:lib\models\novel_info.dart
DA:8,0
DA:9,0
DA:18,1
DA:55,0
DA:56,0
DA:219,0
DA:222,1
DA:223,1
DA:224,2
DA:225,2
DA:226,2
DA:227,2
DA:228,2
DA:229,2
DA:230,2
DA:231,2
DA:232,3
DA:233,3
DA:234,2
DA:235,2
DA:236,2
DA:237,2
DA:238,2
DA:239,2
DA:240,2
DA:241,2
DA:242,2
DA:243,2
DA:244,2
DA:245,3
DA:246,2
DA:247,2
DA:248,2
DA:249,2
DA:250,2
DA:251,2
LF:36
LH:31
end_of_record
SF:lib\models\novel_info.g.dart
DA:9,0
DA:10,0
DA:11,0
DA:12,0
DA:13,0
DA:14,0
DA:15,0
DA:16,0
DA:17,0
DA:18,0
DA:19,0
DA:20,0
DA:21,0
DA:22,0
DA:23,0
DA:24,0
DA:25,0
DA:26,0
DA:27,0
DA:28,0
DA:29,0
DA:30,0
DA:31,0
DA:32,0
DA:33,0
DA:34,0
DA:35,0
DA:36,0
DA:37,0
DA:38,0
DA:39,0
DA:40,0
DA:41,0
DA:42,0
DA:43,0
DA:44,0
DA:47,0
DA:48,0
DA:49,0
DA:50,0
DA:51,0
DA:52,0
DA:53,0
DA:54,0
DA:55,0
DA:56,0
DA:57,0
DA:58,0
DA:59,0
DA:60,0
DA:61,0
DA:62,0
DA:63,0
DA:64,0
DA:65,0
DA:66,0
DA:67,0
DA:68,0
DA:69,0
DA:70,0
DA:71,0
DA:72,0
DA:73,0
DA:74,0
DA:75,0
DA:76,0
DA:77,0
DA:78,0
DA:79,0
DA:80,0
LF:70
LH:0
end_of_record
SF:lib\models\novel_search_query.dart
DA:8,0
DA:199,0
DA:200,0
DA:201,0
DA:202,0
DA:203,0
DA:204,0
DA:205,0
DA:206,0
DA:207,0
DA:208,0
DA:209,0
DA:210,0
DA:211,0
DA:212,0
DA:213,0
DA:214,0
DA:215,0
DA:216,0
DA:217,0
DA:218,0
DA:219,0
DA:220,0
DA:221,0
DA:222,0
DA:223,0
DA:224,0
DA:225,0
DA:226,0
DA:227,0
DA:228,0
DA:229,0
DA:230,0
DA:231,0
DA:232,0
DA:233,0
DA:234,0
DA:235,0
DA:236,0
DA:237,0
DA:238,0
DA:239,0
DA:240,0
DA:241,0
DA:242,0
LF:45
LH:0
end_of_record
SF:lib\models\ranking_response.dart
DA:12,1
DA:29,0
DA:30,0
DA:94,0
LF:4
LH:1
end_of_record
SF:lib\models\ranking_response.g.dart
DA:9,0
DA:10,0
DA:11,0
DA:12,0
DA:13,0
DA:14,0
DA:15,0
DA:16,0
DA:17,0
DA:18,0
DA:19,0
DA:20,0
DA:21,0
DA:22,0
DA:23,0
DA:26,0
DA:27,0
DA:28,0
DA:29,0
DA:30,0
DA:31,0
DA:32,0
DA:33,0
DA:34,0
DA:35,0
DA:36,0
DA:37,0
DA:38,0
DA:39,0
DA:40,0
LF:30
LH:0
end_of_record
SF:lib\database\database.g.dart
DA:10,1
DA:294,2
DA:296,1
DA:301,0
DA:302,0
DA:303,0
DA:304,0
DA:305,0
DA:306,0
DA:307,0
DA:308,0
DA:309,0
DA:310,0
DA:311,0
DA:312,0
DA:313,0
DA:314,0
DA:315,0
DA:316,0
DA:317,0
DA:318,0
DA:319,0
DA:320,0
DA:321,0
DA:322,0
DA:323,0
DA:324,0
DA:325,0
DA:326,0
DA:327,0
DA:328,0
DA:329,0
DA:330,0
DA:332,1
DA:333,2
DA:334,1
DA:337,0
DA:342,0
DA:343,0
DA:344,0
DA:345,0
DA:347,0
DA:350,0
DA:352,0
DA:353,0
DA:355,0
DA:358,0
DA:359,0
DA:361,0
DA:364,0
DA:365,0
DA:367,0
DA:370,0
DA:371,0
DA:373,0
DA:376,0
DA:377,0
DA:379,0
DA:382,0
DA:383,0
DA:385,0
DA:388,0
DA:389,0
DA:391,0
DA:394,0
DA:395,0
DA:397,0
DA:400,0
DA:401,0
DA:403,0
DA:406,0
DA:407,0
DA:409,0
DA:412,0
DA:413,0
DA:415,0
DA:418,0
DA:419,0
DA:421,0
DA:424,0
DA:425,0
DA:427,0
DA:428,0
DA:433,0
DA:434,0
DA:436,0
DA:437,0
DA:442,0
DA:443,0
DA:445,0
DA:446,0
DA:451,0
DA:452,0
DA:454,0
DA:457,0
DA:458,0
DA:460,0
DA:461,0
DA:466,0
DA:467,0
DA:469,0
DA:472,0
DA:473,0
DA:475,0
DA:478,0
DA:479,0
DA:481,0
DA:484,0
DA:485,0
DA:487,0
DA:488,0
DA:493,0
DA:494,0
DA:496,0
DA:497,0
DA:502,0
DA:503,0
DA:505,0
DA:506,0
DA:511,0
DA:512,0
DA:514,0
DA:515,0
DA:520,0
DA:521,0
DA:523,0
DA:524,0
DA:529,0
DA:530,0
DA:532,0
DA:533,0
DA:538,0
DA:539,0
DA:541,0
DA:547,0
DA:548,0
DA:549,0
DA:551,0
DA:552,0
DA:553,0
DA:555,0
DA:557,0
DA:559,0
DA:561,0
DA:563,0
DA:565,0
DA:567,0
DA:569,0
DA:571,0
DA:573,0
DA:575,0
DA:577,0
DA:579,0
DA:581,0
DA:583,0
DA:585,0
DA:587,0
DA:589,0
DA:591,0
DA:593,0
DA:595,0
DA:597,0
DA:599,0
DA:601,0
DA:603,0
DA:605,0
DA:607,0
DA:609,0
DA:611,0
DA:613,0
DA:615,0
DA:617,0
DA:619,0
DA:621,0
DA:623,0
DA:625,0
DA:627,0
DA:629,0
DA:631,0
DA:633,0
DA:635,0
DA:637,0
DA:639,0
DA:641,0
DA:643,0
DA:645,0
DA:647,0
DA:649,0
DA:651,0
DA:653,0
DA:655,0
DA:657,0
DA:659,0
DA:661,0
DA:663,0
DA:668,0
DA:670,0
DA:703,1
DA:733,0
DA:735,0
DA:736,0
DA:737,0
DA:738,0
DA:740,0
DA:741,0
DA:743,0
DA:744,0
DA:746,0
DA:747,0
DA:749,0
DA:750,0
DA:752,0
DA:753,0
DA:755,0
DA:756,0
DA:758,0
DA:759,0
DA:761,0
DA:762,0
DA:764,0
DA:765,0
DA:767,0
DA:768,0
DA:770,0
DA:771,0
DA:773,0
DA:774,0
DA:776,0
DA:777,0
DA:779,0
DA:780,0
DA:782,0
DA:783,0
DA:785,0
DA:786,0
DA:788,0
DA:789,0
DA:791,0
DA:792,0
DA:794,0
DA:795,0
DA:797,0
DA:798,0
DA:800,0
DA:801,0
DA:803,0
DA:804,0
DA:806,0
DA:807,0
DA:809,0
DA:810,0
DA:812,0
DA:813,0
DA:815,0
DA:816,0
DA:821,0
DA:822,0
DA:823,0
DA:824,0
DA:826,0
DA:827,0
DA:829,0
DA:830,0
DA:832,0
DA:833,0
DA:835,0
DA:836,0
DA:837,0
DA:839,0
DA:840,0
DA:841,0
DA:842,0
DA:844,0
DA:845,0
DA:847,0
DA:848,0
DA:850,0
DA:851,0
DA:853,0
DA:854,0
DA:856,0
DA:857,0
DA:859,0
DA:860,0
DA:862,0
DA:863,0
DA:864,0
DA:866,0
DA:867,0
DA:869,0
DA:870,0
DA:872,0
DA:873,0
DA:875,0
DA:876,0
DA:878,0
DA:879,0
DA:881,0
DA:882,0
DA:884,0
DA:885,0
DA:887,0
DA:888,0
DA:890,0
DA:891,0
DA:893,0
DA:894,0
DA:896,0
DA:900,0
DA:904,0
DA:905,0
DA:906,0
DA:907,0
DA:908,0
DA:909,0
DA:910,0
DA:911,0
DA:912,0
DA:913,0
DA:914,0
DA:915,0
DA:916,0
DA:917,0
DA:918,0
DA:919,0
DA:920,0
DA:921,0
DA:922,0
DA:923,0
DA:924,0
DA:925,0
DA:926,0
DA:927,0
DA:928,0
DA:929,0
DA:930,0
DA:931,0
DA:932,0
DA:933,0
DA:936,0
DA:938,0
DA:939,0
DA:940,0
DA:941,0
DA:942,0
DA:943,0
DA:944,0
DA:945,0
DA:946,0
DA:947,0
DA:948,0
DA:949,0
DA:950,0
DA:951,0
DA:952,0
DA:953,0
DA:954,0
DA:955,0
DA:956,0
DA:957,0
DA:958,0
DA:959,0
DA:960,0
DA:961,0
DA:962,0
DA:963,0
DA:964,0
DA:965,0
DA:966,0
DA:967,0
DA:971,0
DA:1000,0
DA:1001,0
DA:1002,0
DA:1003,0
DA:1004,0
DA:1005,0
DA:1006,0
DA:1007,0
DA:1008,0
DA:1009,0
DA:1010,0
DA:1011,0
DA:1012,0
DA:1013,0
DA:1014,0
DA:1015,0
DA:1016,0
DA:1017,0
DA:1018,0
DA:1019,0
DA:1020,0
DA:1021,0
DA:1022,0
DA:1023,0
DA:1024,0
DA:1025,0
DA:1026,0
DA:1027,0
DA:1028,0
DA:1029,0
DA:1030,0
DA:1031,0
DA:1032,0
DA:1033,0
DA:1034,0
DA:1036,0
DA:1037,0
DA:1038,0
DA:1039,0
DA:1040,0
DA:1041,0
DA:1042,0
DA:1043,0
DA:1044,0
DA:1045,0
DA:1046,0
DA:1047,0
DA:1048,0
DA:1049,0
DA:1050,0
DA:1051,0
DA:1052,0
DA:1053,0
DA:1054,0
DA:1055,0
DA:1056,0
DA:1057,0
DA:1058,0
DA:1059,0
DA:1060,0
DA:1061,0
DA:1062,0
DA:1063,0
DA:1064,0
DA:1065,0
DA:1066,0
DA:1067,0
DA:1068,0
DA:1069,0
DA:1070,0
DA:1071,0
DA:1072,0
DA:1073,0
DA:1074,0
DA:1075,0
DA:1076,0
DA:1077,0
DA:1078,0
DA:1079,0
DA:1080,0
DA:1081,0
DA:1082,0
DA:1083,0
DA:1084,0
DA:1085,0
DA:1089,0
DA:1091,0
DA:1092,0
DA:1093,0
DA:1094,0
DA:1095,0
DA:1096,0
DA:1097,0
DA:1098,0
DA:1099,0
DA:1100,0
DA:1101,0
DA:1102,0
DA:1103,0
DA:1104,0
DA:1105,0
DA:1106,0
DA:1107,0
DA:1108,0
DA:1109,0
DA:1110,0
DA:1111,0
DA:1112,0
DA:1113,0
DA:1114,0
DA:1115,0
DA:1116,0
DA:1117,0
DA:1118,0
DA:1119,0
DA:1120,0
DA:1121,0
DA:1124,0
DA:1125,0
DA:1126,0
DA:1127,0
DA:1128,0
DA:1129,0
DA:1130,0
DA:1131,0
DA:1132,0
DA:1133,0
DA:1134,0
DA:1135,0
DA:1136,0
DA:1137,0
DA:1138,0
DA:1139,0
DA:1140,0
DA:1141,0
DA:1142,0
DA:1143,0
DA:1144,0
DA:1145,0
DA:1146,0
DA:1147,0
DA:1148,0
DA:1149,0
DA:1150,0
DA:1151,0
DA:1152,0
DA:1153,0
DA:1155,0
DA:1158,0
DA:1159,0
DA:1160,0
DA:1161,0
DA:1162,0
DA:1163,0
DA:1164,0
DA:1165,0
DA:1166,0
DA:1167,0
DA:1168,0
DA:1169,0
DA:1170,0
DA:1171,0
DA:1172,0
DA:1173,0
DA:1174,0
DA:1175,0
DA:1176,0
DA:1177,0
DA:1178,0
DA:1179,0
DA:1180,0
DA:1181,0
DA:1182,0
DA:1183,0
DA:1184,0
DA:1185,0
DA:1186,0
DA:1219,1
DA:1250,0
DA:1280,0
DA:1281,0
DA:1312,0
DA:1313,0
DA:1314,0
DA:1315,0
DA:1316,0
DA:1317,0
DA:1318,0
DA:1319,0
DA:1320,0
DA:1321,0
DA:1322,0
DA:1323,0
DA:1324,0
DA:1325,0
DA:1326,0
DA:1327,0
DA:1328,0
DA:1329,0
DA:1330,0
DA:1331,0
DA:1332,0
DA:1333,0
DA:1334,0
DA:1335,0
DA:1336,0
DA:1337,0
DA:1338,0
DA:1339,0
DA:1340,0
DA:1341,0
DA:1345,0
DA:1376,0
DA:1377,0
DA:1378,0
DA:1379,0
DA:1380,0
DA:1381,0
DA:1382,0
DA:1383,0
DA:1384,0
DA:1385,0
DA:1386,0
DA:1387,0
DA:1388,0
DA:1389,0
DA:1390,0
DA:1391,0
DA:1392,0
DA:1393,0
DA:1394,0
DA:1395,0
DA:1396,0
DA:1397,0
DA:1398,0
DA:1399,0
DA:1400,0
DA:1401,0
DA:1402,0
DA:1403,0
DA:1404,0
DA:1405,0
DA:1409,0
DA:1411,0
DA:1412,0
DA:1413,0
DA:1415,0
DA:1416,0
DA:1418,0
DA:1419,0
DA:1421,0
DA:1422,0
DA:1424,0
DA:1425,0
DA:1427,0
DA:1428,0
DA:1430,0
DA:1431,0
DA:1433,0
DA:1434,0
DA:1436,0
DA:1437,0
DA:1439,0
DA:1440,0
DA:1442,0
DA:1443,0
DA:1445,0
DA:1446,0
DA:1448,0
DA:1449,0
DA:1451,0
DA:1452,0
DA:1454,0
DA:1455,0
DA:1457,0
DA:1458,0
DA:1460,0
DA:1461,0
DA:1463,0
DA:1464,0
DA:1466,0
DA:1467,0
DA:1469,0
DA:1470,0
DA:1472,0
DA:1473,0
DA:1475,0
DA:1476,0
DA:1478,0
DA:1479,0
DA:1481,0
DA:1482,0
DA:1484,0
DA:1485,0
DA:1487,0
DA:1488,0
DA:1490,0
DA:1491,0
DA:1493,0
DA:1494,0
DA:1496,0
DA:1497,0
DA:1502,0
DA:1504,0
DA:1505,0
DA:1506,0
DA:1507,0
DA:1508,0
DA:1509,0
DA:1510,0
DA:1511,0
DA:1512,0
DA:1513,0
DA:1514,0
DA:1515,0
DA:1516,0
DA:1517,0
DA:1518,0
DA:1519,0
DA:1520,0
DA:1521,0
DA:1522,0
DA:1523,0
DA:1524,0
DA:1525,0
DA:1526,0
DA:1527,0
DA:1528,0
DA:1529,0
DA:1530,0
DA:1531,0
DA:1532,0
DA:1533,0
DA:1534,0
DA:1535,0
DA:1543,0
DA:1593,0
DA:1594,0
DA:1595,0
DA:1596,0
DA:1597,0
DA:1598,0
DA:1599,0
DA:1601,0
DA:1602,0
DA:1603,0
DA:1606,0
DA:1611,0
DA:1612,0
DA:1613,0
DA:1614,0
DA:1616,0
DA:1619,0
DA:1621,0
DA:1622,0
DA:1624,0
DA:1627,0
DA:1628,0
DA:1630,0
DA:1633,0
DA:1634,0
DA:1636,0
DA:1637,0
DA:1642,0
DA:1643,0
DA:1645,0
DA:1648,0
DA:1653,0
DA:1654,0
DA:1655,0
DA:1657,0
DA:1658,0
DA:1659,0
DA:1661,0
DA:1663,0
DA:1665,0
DA:1667,0
DA:1669,0
DA:1671,0
DA:1673,0
DA:1675,0
DA:1677,0
DA:1682,0
DA:1684,0
DA:1694,1
DA:1701,0
DA:1703,0
DA:1704,0
DA:1705,0
DA:1706,0
DA:1708,0
DA:1709,0
DA:1711,0
DA:1712,0
DA:1714,0
DA:1718,0
DA:1719,0
DA:1720,0
DA:1721,0
DA:1723,0
DA:1724,0
DA:1726,0
DA:1727,0
DA:1729,0
DA:1730,0
DA:1734,0
DA:1738,0
DA:1739,0
DA:1740,0
DA:1741,0
DA:1742,0
DA:1743,0
DA:1744,0
DA:1747,0
DA:1749,0
DA:1750,0
DA:1751,0
DA:1752,0
DA:1753,0
DA:1754,0
DA:1755,0
DA:1759,0
DA:1765,0
DA:1766,0
DA:1767,0
DA:1768,0
DA:1769,0
DA:1770,0
DA:1772,0
DA:1773,0
DA:1774,0
DA:1775,0
DA:1776,0
DA:1777,0
DA:1778,0
DA:1779,0
DA:1780,0
DA:1784,0
DA:1786,0
DA:1787,0
DA:1788,0
DA:1789,0
DA:1790,0
DA:1791,0
DA:1792,0
DA:1793,0
DA:1796,0
DA:1797,0
DA:1798,0
DA:1801,0
DA:1802,0
DA:1803,0
DA:1804,0
DA:1805,0
DA:1806,0
DA:1816,1
DA:1824,0
DA:1831,0
DA:1832,0
DA:1833,0
DA:1841,0
DA:1842,0
DA:1843,0
DA:1844,0
DA:1845,0
DA:1846,0
DA:1847,0
DA:1851,0
DA:1859,0
DA:1860,0
DA:1861,0
DA:1862,0
DA:1863,0
DA:1864,0
DA:1865,0
DA:1869,0
DA:1871,0
DA:1872,0
DA:1873,0
DA:1875,0
DA:1876,0
DA:1878,0
DA:1879,0
DA:1881,0
DA:1882,0
DA:1884,0
DA:1885,0
DA:1887,0
DA:1888,0
DA:1893,0
DA:1895,0
DA:1896,0
DA:1897,0
DA:1898,0
DA:1899,0
DA:1900,0
DA:1901,0
DA:1902,0
DA:1903,0
DA:1911,0
DA:1963,0
DA:1964,0
DA:1965,0
DA:1966,0
DA:1967,0
DA:1968,0
DA:1969,0
DA:1971,0
DA:1972,0
DA:1973,0
DA:1976,0
DA:1981,0
DA:1982,0
DA:1983,0
DA:1984,0
DA:1986,0
DA:1989,0
DA:1991,0
DA:1992,0
DA:1994,0
DA:1997,0
DA:1999,0
DA:2000,0
DA:2002,0
DA:2005,0
DA:2006,0
DA:2008,0
DA:2011,0
DA:2012,0
DA:2014,0
DA:2020,0
DA:2021,0
DA:2022,0
DA:2024,0
DA:2025,0
DA:2026,0
DA:2028,0
DA:2030,0
DA:2032,0
DA:2034,0
DA:2036,0
DA:2038,0
DA:2040,0
DA:2042,0
DA:2044,0
DA:2049,0
DA:2051,0
DA:2061,0
DA:2068,0
DA:2070,0
DA:2071,0
DA:2072,0
DA:2073,0
DA:2074,0
DA:2076,0
DA:2077,0
DA:2079,0
DA:2080,0
DA:2085,0
DA:2086,0
DA:2087,0
DA:2088,0
DA:2089,0
DA:2091,0
DA:2092,0
DA:2094,0
DA:2095,0
DA:2097,0
DA:2101,0
DA:2105,0
DA:2106,0
DA:2107,0
DA:2108,0
DA:2109,0
DA:2110,0
DA:2111,0
DA:2114,0
DA:2116,0
DA:2117,0
DA:2118,0
DA:2119,0
DA:2120,0
DA:2121,0
DA:2122,0
DA:2126,0
DA:2132,0
DA:2133,0
DA:2134,0
DA:2135,0
DA:2136,0
DA:2137,0
DA:2139,0
DA:2140,0
DA:2141,0
DA:2142,0
DA:2143,0
DA:2144,0
DA:2145,0
DA:2149,0
DA:2151,0
DA:2152,0
DA:2153,0
DA:2154,0
DA:2155,0
DA:2156,0
DA:2157,0
DA:2158,0
DA:2161,0
DA:2162,0
DA:2163,0
DA:2166,0
DA:2167,0
DA:2168,0
DA:2169,0
DA:2170,0
DA:2171,0
DA:2181,0
DA:2189,0
DA:2196,0
DA:2197,0
DA:2198,0
DA:2206,0
DA:2207,0
DA:2208,0
DA:2209,0
DA:2210,0
DA:2211,0
DA:2212,0
DA:2216,0
DA:2224,0
DA:2225,0
DA:2226,0
DA:2227,0
DA:2228,0
DA:2229,0
DA:2230,0
DA:2234,0
DA:2236,0
DA:2237,0
DA:2238,0
DA:2240,0
DA:2241,0
DA:2243,0
DA:2244,0
DA:2246,0
DA:2247,0
DA:2249,0
DA:2250,0
DA:2252,0
DA:2253,0
DA:2258,0
DA:2260,0
DA:2261,0
DA:2262,0
DA:2263,0
DA:2264,0
DA:2265,0
DA:2266,0
DA:2267,0
DA:2268,0
DA:2277,0
DA:2331,0
DA:2332,0
DA:2333,0
DA:2334,0
DA:2335,0
DA:2336,0
DA:2337,0
DA:2339,0
DA:2340,0
DA:2341,0
DA:2344,0
DA:2349,0
DA:2350,0
DA:2351,0
DA:2352,0
DA:2354,0
DA:2357,0
DA:2359,0
DA:2360,0
DA:2362,0
DA:2365,0
DA:2367,0
DA:2368,0
DA:2370,0
DA:2373,0
DA:2375,0
DA:2376,0
DA:2378,0
DA:2381,0
DA:2382,0
DA:2384,0
DA:2387,0
DA:2392,0
DA:2393,0
DA:2394,0
DA:2396,0
DA:2397,0
DA:2398,0
DA:2400,0
DA:2402,0
DA:2404,0
DA:2406,0
DA:2408,0
DA:2410,0
DA:2412,0
DA:2414,0
DA:2416,0
DA:2421,0
DA:2423,0
DA:2433,0
DA:2440,0
DA:2442,0
DA:2443,0
DA:2444,0
DA:2445,0
DA:2446,0
DA:2447,0
DA:2449,0
DA:2453,0
DA:2454,0
DA:2455,0
DA:2456,0
DA:2457,0
DA:2458,0
DA:2460,0
DA:2461,0
DA:2465,0
DA:2469,0
DA:2470,0
DA:2471,0
DA:2472,0
DA:2473,0
DA:2474,0
DA:2475,0
DA:2478,0
DA:2480,0
DA:2481,0
DA:2482,0
DA:2483,0
DA:2484,0
DA:2485,0
DA:2486,0
DA:2490,0
DA:2496,0
DA:2497,0
DA:2498,0
DA:2499,0
DA:2500,0
DA:2501,0
DA:2503,0
DA:2504,0
DA:2505,0
DA:2506,0
DA:2507,0
DA:2508,0
DA:2509,0
DA:2513,0
DA:2515,0
DA:2516,0
DA:2517,0
DA:2518,0
DA:2519,0
DA:2520,0
DA:2521,0
DA:2522,0
DA:2525,0
DA:2526,0
DA:2527,0
DA:2530,0
DA:2531,0
DA:2532,0
DA:2533,0
DA:2534,0
DA:2535,0
DA:2545,0
DA:2553,0
DA:2560,0
DA:2561,0
DA:2562,0
DA:2563,0
DA:2564,0
DA:2572,0
DA:2573,0
DA:2574,0
DA:2575,0
DA:2576,0
DA:2577,0
DA:2578,0
DA:2582,0
DA:2590,0
DA:2591,0
DA:2592,0
DA:2593,0
DA:2594,0
DA:2595,0
DA:2596,0
DA:2600,0
DA:2602,0
DA:2603,0
DA:2604,0
DA:2606,0
DA:2607,0
DA:2609,0
DA:2610,0
DA:2612,0
DA:2613,0
DA:2615,0
DA:2616,0
DA:2618,0
DA:2619,0
DA:2624,0
DA:2626,0
DA:2627,0
DA:2628,0
DA:2629,0
DA:2630,0
DA:2631,0
DA:2632,0
DA:2633,0
DA:2634,0
DA:2639,2
DA:2640,0
DA:2641,2
DA:2645,0
DA:2647,0
DA:2648,0
DA:2649,0
DA:2650,0
DA:2651,0
DA:2652,0
DA:2653,0
DA:2724,0
DA:2731,0
DA:2732,0
DA:2733,0
DA:2736,0
DA:2737,0
DA:2738,0
DA:2741,0
DA:2742,0
DA:2743,0
DA:2746,0
DA:2747,0
DA:2748,0
DA:2751,0
DA:2752,0
DA:2753,0
DA:2756,0
DA:2757,0
DA:2758,0
DA:2761,0
DA:2762,0
DA:2763,0
DA:2766,0
DA:2767,0
DA:2768,0
DA:2771,0
DA:2772,0
DA:2773,0
DA:2776,0
DA:2777,0
DA:2778,0
DA:2781,0
DA:2782,0
DA:2783,0
DA:2786,0
DA:2787,0
DA:2788,0
DA:2791,0
DA:2792,0
DA:2793,0
DA:2796,0
DA:2797,0
DA:2798,0
DA:2801,0
DA:2802,0
DA:2803,0
DA:2806,0
DA:2807,0
DA:2808,0
DA:2811,0
DA:2812,0
DA:2813,0
DA:2816,0
DA:2817,0
DA:2818,0
DA:2821,0
DA:2822,0
DA:2823,0
DA:2826,0
DA:2827,0
DA:2828,0
DA:2831,0
DA:2832,0
DA:2833,0
DA:2836,0
DA:2837,0
DA:2838,0
DA:2841,0
DA:2842,0
DA:2843,0
DA:2846,0
DA:2847,0
DA:2848,0
DA:2851,0
DA:2852,0
DA:2853,0
DA:2856,0
DA:2857,0
DA:2858,0
DA:2861,0
DA:2862,0
DA:2863,0
DA:2866,0
DA:2867,0
DA:2868,0
DA:2874,0
DA:2881,0
DA:2882,0
DA:2883,0
DA:2886,0
DA:2887,0
DA:2888,0
DA:2891,0
DA:2892,0
DA:2893,0
DA:2896,0
DA:2897,0
DA:2898,0
DA:2901,0
DA:2902,0
DA:2903,0
DA:2906,0
DA:2907,0
DA:2908,0
DA:2911,0
DA:2912,0
DA:2913,0
DA:2916,0
DA:2917,0
DA:2918,0
DA:2921,0
DA:2922,0
DA:2923,0
DA:2926,0
DA:2927,0
DA:2928,0
DA:2931,0
DA:2932,0
DA:2933,0
DA:2936,0
DA:2937,0
DA:2938,0
DA:2941,0
DA:2942,0
DA:2943,0
DA:2946,0
DA:2947,0
DA:2948,0
DA:2951,0
DA:2952,0
DA:2953,0
DA:2956,0
DA:2957,0
DA:2958,0
DA:2961,0
DA:2962,0
DA:2963,0
DA:2966,0
DA:2967,0
DA:2968,0
DA:2971,0
DA:2972,0
DA:2973,0
DA:2976,0
DA:2977,0
DA:2978,0
DA:2981,0
DA:2982,0
DA:2983,0
DA:2986,0
DA:2987,0
DA:2988,0
DA:2991,0
DA:2992,0
DA:2993,0
DA:2996,0
DA:2997,0
DA:2998,0
DA:3001,0
DA:3002,0
DA:3003,0
DA:3006,0
DA:3007,0
DA:3008,0
DA:3011,0
DA:3012,0
DA:3013,0
DA:3016,0
DA:3017,0
DA:3018,0
DA:3024,0
DA:3031,0
DA:3032,0
DA:3034,0
DA:3035,0
DA:3037,0
DA:3038,0
DA:3040,0
DA:3041,0
DA:3043,0
DA:3044,0
DA:3046,0
DA:3047,0
DA:3049,0
DA:3050,0
DA:3052,0
DA:3053,0
DA:3055,0
DA:3056,0
DA:3058,0
DA:3059,0
DA:3061,0
DA:3062,0
DA:3064,0
DA:3065,0
DA:3067,0
DA:3068,0
DA:3070,0
DA:3071,0
DA:3072,0
DA:3075,0
DA:3076,0
DA:3077,0
DA:3080,0
DA:3081,0
DA:3082,0
DA:3085,0
DA:3086,0
DA:3088,0
DA:3089,0
DA:3090,0
DA:3093,0
DA:3094,0
DA:3096,0
DA:3097,0
DA:3099,0
DA:3100,0
DA:3102,0
DA:3103,0
DA:3104,0
DA:3107,0
DA:3108,0
DA:3109,0
DA:3112,0
DA:3113,0
DA:3114,0
DA:3117,0
DA:3118,0
DA:3119,0
DA:3122,0
DA:3123,0
DA:3124,0
DA:3127,0
DA:3128,0
DA:3129,0
DA:3132,0
DA:3133,0
DA:3151,0
DA:3152,0
DA:3153,0
DA:3156,0
DA:3157,0
DA:3158,0
DA:3159,0
DA:3160,0
DA:3161,0
DA:3163,0
DA:3193,0
DA:3225,0
DA:3255,0
DA:3286,0
DA:3287,0
DA:3288,0
DA:3329,0
DA:3336,0
DA:3337,0
DA:3338,0
DA:3341,0
DA:3342,0
DA:3343,0
DA:3346,0
DA:3347,0
DA:3348,0
DA:3351,0
DA:3352,0
DA:3353,0
DA:3356,0
DA:3357,0
DA:3358,0
DA:3364,0
DA:3371,0
DA:3372,0
DA:3373,0
DA:3376,0
DA:3377,0
DA:3378,0
DA:3381,0
DA:3382,0
DA:3383,0
DA:3386,0
DA:3387,0
DA:3388,0
DA:3391,0
DA:3392,0
DA:3393,0
DA:3399,0
DA:3406,0
DA:3407,0
DA:3409,0
DA:3410,0
DA:3412,0
DA:3413,0
DA:3415,0
DA:3416,0
DA:3417,0
DA:3420,0
DA:3421,0
DA:3442,0
DA:3443,0
DA:3444,0
DA:3447,0
DA:3448,0
DA:3449,0
DA:3450,0
DA:3451,0
DA:3452,0
DA:3454,0
DA:3461,0
DA:3470,0
DA:3477,0
DA:3485,0
DA:3486,0
DA:3487,0
DA:3528,0
DA:3535,0
DA:3536,0
DA:3537,0
DA:3540,0
DA:3541,0
DA:3542,0
DA:3545,0
DA:3546,0
DA:3547,0
DA:3550,0
DA:3551,0
DA:3552,0
DA:3555,0
DA:3556,0
DA:3557,0
DA:3563,0
DA:3570,0
DA:3571,0
DA:3572,0
DA:3575,0
DA:3576,0
DA:3577,0
DA:3580,0
DA:3581,0
DA:3582,0
DA:3585,0
DA:3586,0
DA:3587,0
DA:3590,0
DA:3591,0
DA:3592,0
DA:3598,0
DA:3605,0
DA:3606,0
DA:3608,0
DA:3609,0
DA:3611,0
DA:3612,0
DA:3614,0
DA:3615,0
DA:3617,0
DA:3618,0
DA:3636,0
DA:3637,0
DA:3638,0
DA:3641,0
DA:3642,0
DA:3643,0
DA:3644,0
DA:3645,0
DA:3646,0
DA:3648,0
DA:3655,0
DA:3664,0
DA:3671,0
DA:3679,0
DA:3680,0
DA:3681,0
DA:3722,0
DA:3729,0
DA:3730,0
DA:3731,0
DA:3734,0
DA:3735,0
DA:3736,0
DA:3739,0
DA:3740,0
DA:3741,0
DA:3744,0
DA:3745,0
DA:3746,0
DA:3749,0
DA:3750,0
DA:3751,0
DA:3757,0
DA:3764,0
DA:3765,0
DA:3766,0
DA:3769,0
DA:3770,0
DA:3771,0
DA:3774,0
DA:3775,0
DA:3776,0
DA:3779,0
DA:3780,0
DA:3781,0
DA:3784,0
DA:3785,0
DA:3786,0
DA:3792,0
DA:3799,0
DA:3800,0
DA:3802,0
DA:3803,0
DA:3805,0
DA:3806,0
DA:3808,0
DA:3809,0
DA:3811,0
DA:3812,0
DA:3830,0
DA:3831,0
DA:3832,0
DA:3835,0
DA:3836,0
DA:3837,0
DA:3838,0
DA:3839,0
DA:3840,0
DA:3842,0
DA:3849,0
DA:3858,0
DA:3865,0
DA:3873,0
DA:3874,0
DA:3875,0
DA:3898,0
DA:3899,0
DA:3900,0
DA:3901,0
DA:3902,0
DA:3903,0
DA:3904,0
DA:3905,0
DA:3906,0
DA:3919,1
DA:3920,0
DA:3930,1
DA:3931,1
DA:3933,1
DA:3936,1
DA:3938,1
DA:3940,1
DA:3944,1
DA:3945,1
DA:3947,1
DA:3952,1
LF:1655
LH:23
end_of_record
SF:lib\database\database.dart
DA:11,1
DA:13,1
DA:18,0
DA:19,0
DA:20,0
DA:21,0
DA:22,0
DA:23,0
DA:24,0
DA:25,0
DA:26,0
DA:27,0
DA:28,0
DA:29,0
DA:30,0
DA:31,0
DA:32,0
DA:33,0
DA:34,0
DA:35,0
DA:36,0
DA:37,0
DA:38,0
DA:39,0
DA:40,0
DA:41,0
DA:42,0
DA:43,0
DA:44,0
DA:45,0
DA:47,0
DA:48,0
DA:52,0
DA:53,0
DA:54,0
DA:55,0
DA:56,0
DA:58,0
DA:59,0
DA:63,0
DA:64,0
DA:65,0
DA:66,0
DA:67,0
DA:69,0
DA:70,0
DA:74,0
DA:75,0
DA:76,0
DA:77,0
DA:78,0
DA:80,0
DA:81,0
DA:86,3
DA:88,0
DA:91,0
DA:93,0
DA:94,0
DA:95,0
DA:97,0
DA:104,0
DA:105,0
DA:106,0
DA:107,0
DA:111,0
DA:112,0
DA:119,0
DA:120,0
DA:124,0
DA:125,0
DA:132,0
DA:133,0
DA:134,0
DA:135,0
DA:139,0
DA:140,0
DA:144,0
DA:145,0
DA:149,0
DA:150,0
DA:157,0
DA:158,0
DA:159,0
DA:160,0
DA:164,0
DA:165,0
DA:172,0
DA:173,0
DA:174,0
DA:175,0
DA:176,0
DA:180,0
DA:181,0
DA:182,0
DA:183,0
DA:184,0
DA:185,0
DA:187,0
DA:191,1
DA:192,2
DA:193,1
DA:194,0
DA:195,0
LF:103
LH:6
end_of_record
SF:lib\screens\history_page.dart
DA:6,4
DA:7,1
DA:8,1
DA:12,1
DA:14,0
DA:16,0
DA:18,0
DA:19,0
DA:20,0
DA:23,0
DA:24,0
DA:25,0
DA:26,0
DA:27,0
DA:28,0
DA:29,0
DA:30,0
DA:31,0
DA:32,0
DA:34,0
DA:35,0
DA:36,0
DA:37,0
DA:38,0
DA:40,0
DA:41,0
DA:42,0
DA:44,0
DA:49,0
DA:50,0
DA:51,0
DA:53,0
DA:61,0
DA:62,0
LF:34
LH:4
end_of_record
SF:lib\screens\library_page.dart
DA:6,4
DA:7,1
DA:8,7
DA:12,1
DA:14,1
DA:16,2
DA:18,1
DA:19,0
DA:20,0
DA:23,0
DA:24,0
DA:25,0
DA:26,0
DA:27,0
DA:28,0
DA:29,0
DA:30,0
DA:31,0
DA:32,0
DA:33,0
DA:35,0
DA:36,0
DA:38,0
DA:40,0
DA:41,0
DA:42,0
DA:43,0
DA:46,0
DA:47,0
DA:49,0
DA:50,0
DA:51,0
DA:52,0
DA:53,0
DA:54,0
DA:70,1
DA:71,0
LF:37
LH:8
end_of_record
SF:lib\screens\novel_detail_page.dart
DA:12,2
DA:14,3
DA:18,2
DA:19,1
DA:22,1
DA:29,1
DA:30,2
DA:33,1
DA:34,1
DA:35,1
DA:36,2
DA:37,2
DA:38,3
DA:45,2
DA:46,3
DA:47,2
DA:48,1
DA:51,2
DA:53,3
DA:57,1
DA:58,1
DA:63,0
DA:66,0
DA:68,0
DA:70,0
DA:71,0
DA:72,0
DA:73,0
DA:76,0
DA:77,0
DA:78,0
DA:83,0
DA:89,0
DA:90,0
DA:93,0
DA:94,0
DA:96,0
DA:97,0
DA:98,0
DA:100,0
DA:102,0
DA:103,0
DA:104,0
DA:105,0
DA:106,0
DA:107,0
DA:109,0
DA:113,0
DA:120,0
DA:121,0
DA:122,0
DA:126,0
DA:127,0
DA:132,0
DA:133,0
DA:134,0
DA:136,0
DA:138,0
DA:139,0
DA:140,0
DA:141,0
DA:142,0
DA:143,0
DA:145,0
DA:149,0
DA:156,0
DA:157,0
DA:158,0
DA:159,0
DA:162,0
DA:163,0
DA:164,0
DA:166,0
DA:169,0
DA:170,0
DA:171,0
DA:173,0
DA:174,0
DA:175,0
DA:178,0
DA:179,0
DA:180,0
DA:181,0
DA:187,0
DA:188,0
DA:189,0
DA:190,0
DA:191,0
DA:192,0
DA:193,0
DA:194,0
DA:195,0
DA:196,0
DA:198,0
DA:199,0
DA:201,0
DA:203,0
DA:205,0
DA:219,0
DA:220,0
DA:221,0
DA:224,0
DA:225,0
DA:226,0
DA:231,0
DA:232,0
DA:233,0
DA:239,0
DA:240,0
LF:109
LH:21
end_of_record
SF:lib\utils\settings_provider.g.dart
DA:14,1
DA:15,0
DA:25,1
DA:26,1
DA:28,1
DA:30,1
DA:33,1
DA:37,1
DA:40,1
DA:41,1
DA:43,1
DA:50,1
LF:12
LH:11
end_of_record
SF:lib\utils\settings_provider.dart
DA:10,2
DA:20,3
DA:22,1
DA:27,1
DA:28,1
DA:29,1
DA:30,1
DA:34,1
DA:36,1
DA:37,1
DA:38,1
DA:39,1
DA:40,1
DA:41,1
DA:42,1
DA:43,1
DA:44,1
DA:45,1
DA:48,1
DA:68,2
DA:70,1
DA:72,1
DA:74,2
DA:75,1
DA:76,1
DA:78,1
DA:85,1
DA:86,3
DA:87,2
DA:88,5
DA:92,1
DA:93,2
DA:94,2
DA:95,5
DA:99,1
DA:100,2
DA:101,2
DA:102,5
LF:38
LH:38
end_of_record
SF:lib\main.dart
DA:8,0
DA:9,0
DA:11,0
DA:19,2
DA:21,1
DA:23,1
DA:25,1
DA:26,2
DA:27,1
DA:30,1
DA:35,1
DA:39,1
DA:41,1
DA:43,2
DA:45,1
DA:47,2
DA:49,1
DA:53,1
DA:54,0
LF:19
LH:15
end_of_record
SF:lib\widgets\novel_list_tile.dart
DA:7,1
DA:20,1
DA:22,2
DA:23,6
DA:24,1
DA:25,5
DA:26,2
DA:27,1
DA:30,8
DA:32,6
DA:34,1
DA:35,5
DA:36,1
DA:37,1
DA:38,7
DA:41,1
DA:42,0
DA:43,0
DA:44,0
DA:46,1
LF:20
LH:17
end_of_record
SF:lib\router\router.dart
DA:13,3
DA:14,3
DA:16,3
DA:17,1
DA:19,1
DA:20,1
DA:21,1
DA:22,1
DA:24,1
DA:25,1
DA:26,1
DA:27,1
DA:28,1
DA:30,1
DA:34,1
DA:35,1
DA:36,1
DA:38,0
DA:42,1
DA:43,1
DA:44,1
DA:46,0
DA:50,1
DA:51,1
DA:52,1
DA:54,0
DA:55,1
DA:56,1
DA:58,0
DA:62,1
DA:64,0
DA:74,1
DA:76,1
DA:77,0
DA:78,0
DA:79,0
DA:81,1
DA:82,1
DA:84,0
DA:85,0
DA:86,0
DA:87,0
LF:42
LH:30
end_of_record
SF:lib\screens\about_page.dart
DA:6,1
DA:8,0
DA:9,0
DA:20,0
DA:22,0
DA:23,0
DA:26,0
DA:27,0
DA:28,0
DA:29,0
DA:33,0
DA:34,0
DA:35,0
DA:36,0
DA:40,0
DA:42,0
DA:43,0
DA:46,0
DA:47,0
DA:48,0
DA:49,0
DA:50,0
DA:51,0
DA:55,0
DA:57,0
DA:58,0
DA:60,0
DA:62,0
DA:64,0
DA:66,0
DA:67,0
DA:72,0
DA:74,0
DA:75,0
DA:77,0
DA:78,0
DA:79,0
LF:37
LH:1
end_of_record
SF:lib\screens\explore_page.dart
DA:10,1
DA:12,0
DA:13,0
DA:26,0
DA:28,0
DA:29,0
DA:30,0
DA:31,0
DA:35,0
DA:36,0
DA:37,0
DA:38,0
DA:42,0
DA:45,0
DA:47,0
DA:48,0
DA:49,0
DA:50,0
DA:53,0
DA:54,0
DA:55,0
DA:56,0
DA:59,0
DA:61,0
DA:62,0
DA:63,0
DA:67,0
DA:68,0
DA:69,0
DA:70,0
DA:71,0
DA:73,0
DA:74,0
DA:75,0
DA:76,0
DA:78,0
DA:79,0
DA:81,0
DA:82,0
DA:85,0
DA:87,0
DA:88,0
DA:91,0
DA:93,0
DA:94,0
DA:95,0
DA:96,0
DA:100,0
DA:102,0
DA:103,0
DA:104,0
DA:105,0
DA:109,0
DA:111,0
DA:112,0
DA:113,0
DA:114,0
DA:118,0
DA:120,0
DA:121,0
DA:122,0
DA:123,0
DA:127,0
DA:128,0
DA:131,0
DA:135,0
DA:136,0
DA:137,0
DA:138,0
DA:142,0
DA:143,0
DA:144,0
DA:148,0
DA:149,0
DA:152,0
DA:156,0
DA:157,0
DA:158,0
DA:159,0
DA:163,0
DA:164,0
DA:165,0
DA:167,0
DA:171,0
DA:172,0
DA:175,0
DA:176,0
DA:177,0
DA:178,0
DA:180,0
DA:181,0
DA:182,0
DA:183,0
DA:192,0
DA:193,0
DA:195,0
DA:196,0
DA:199,0
DA:201,0
DA:202,0
DA:203,0
DA:212,0
DA:214,0
DA:215,0
DA:216,0
DA:220,0
DA:221,0
DA:222,0
DA:225,0
DA:226,0
DA:228,0
DA:229,0
DA:230,0
DA:232,0
DA:233,0
DA:234,0
DA:235,0
DA:239,0
DA:241,0
DA:244,0
DA:246,0
DA:247,0
DA:257,0
DA:258,0
DA:260,0
DA:261,0
DA:262,0
LF:127
LH:1
end_of_record
SF:lib\screens\more_page.dart
DA:5,1
DA:7,0
DA:9,0
DA:10,0
DA:11,0
DA:12,0
DA:13,0
DA:16,0
DA:17,0
DA:20,0
DA:23,0
DA:24,0
LF:12
LH:1
end_of_record
SF:lib\screens\novel_page.g.dart
DA:20,0
DA:23,0
DA:31,0
DA:32,0
DA:34,0
DA:36,0
DA:38,0
DA:41,0
DA:44,0
DA:46,0
DA:48,0
DA:49,0
DA:52,0
DA:54,0
DA:57,0
DA:59,0
DA:63,0
DA:67,1
DA:68,0
DA:76,0
DA:77,0
DA:79,0
DA:89,0
DA:92,0
DA:100,0
DA:101,0
DA:103,0
DA:105,0
DA:107,0
DA:110,0
DA:113,0
DA:115,0
DA:117,0
DA:118,0
DA:121,0
DA:123,0
DA:126,0
DA:128,0
DA:132,0
DA:140,1
DA:141,0
DA:149,0
DA:150,0
DA:152,0
DA:161,1
DA:162,0
DA:172,0
DA:173,0
DA:175,0
DA:177,0
DA:180,0
DA:181,0
DA:183,0
DA:188,0
DA:192,0
DA:195,0
DA:196,0
DA:198,0
DA:205,0
LF:59
LH:3
end_of_record
SF:lib\screens\novel_page.dart
DA:15,0
DA:17,0
DA:20,0
DA:26,0
DA:27,0
DA:32,0
DA:35,0
DA:39,0
DA:43,0
DA:45,0
DA:46,0
DA:49,0
DA:50,0
DA:53,0
DA:54,0
DA:55,0
DA:56,0
DA:58,0
DA:59,0
DA:61,0
DA:64,0
DA:65,0
DA:68,0
DA:69,0
DA:70,0
DA:72,0
DA:74,0
DA:75,0
DA:76,0
DA:77,0
DA:78,0
DA:80,0
DA:81,0
DA:82,0
DA:83,0
DA:84,0
DA:85,0
DA:87,0
DA:88,0
DA:92,0
DA:93,0
DA:98,0
DA:100,0
DA:103,0
DA:104,0
DA:105,0
DA:106,0
DA:108,0
DA:109,0
DA:110,0
DA:111,0
DA:113,0
DA:114,0
DA:115,0
DA:116,0
DA:120,0
DA:122,0
DA:129,0
DA:130,0
DA:133,0
DA:134,0
DA:135,0
DA:139,0
DA:140,0
DA:143,0
DA:144,0
DA:145,0
DA:146,0
DA:148,0
DA:149,0
DA:151,0
DA:152,0
DA:162,0
DA:163,0
DA:164,0
DA:165,0
DA:166,0
DA:167,0
DA:168,0
DA:169,0
LF:80
LH:0
end_of_record
SF:lib\screens\scaffold_page.dart
DA:5,1
DA:9,1
DA:11,1
DA:12,1
DA:13,1
DA:23,1
DA:24,3
DA:26,0
DA:32,1
DA:33,3
DA:34,1
DA:37,1
DA:40,1
DA:46,0
DA:48,0
DA:49,0
DA:50,0
DA:51,0
DA:52,0
DA:53,0
DA:54,0
DA:55,0
LF:22
LH:12
end_of_record
SF:lib\screens\settings_page.dart
DA:6,1
DA:8,0
DA:10,0
DA:12,0
DA:13,0
DA:14,0
DA:15,0
DA:16,0
DA:17,0
DA:18,0
DA:19,0
DA:23,0
DA:24,0
DA:29,0
DA:34,0
DA:36,0
DA:37,0
DA:38,0
DA:42,0
DA:47,0
DA:49,0
DA:50,0
DA:54,0
DA:59,0
DA:60,0
DA:61,0
DA:62,0
DA:66,0
DA:67,0
DA:72,0
DA:77,0
DA:79,0
DA:80,0
DA:82,0
DA:84,0
DA:86,0
DA:87,0
DA:88,0
DA:89,0
DA:90,0
DA:92,0
DA:93,0
DA:96,0
DA:97,0
DA:98,0
LF:45
LH:1
end_of_record
SF:lib\widgets\novel_list.dart
DA:10,0
DA:14,0
DA:16,0
DA:17,0
DA:19,0
DA:20,0
DA:21,0
DA:22,0
DA:23,0
DA:25,0
DA:26,0
DA:27,0
DA:30,0
DA:32,0
DA:34,0
DA:35,0
DA:42,0
DA:43,0
DA:45,0
DA:46,0
DA:47,0
DA:48,0
DA:50,0
DA:52,0
DA:53,0
DA:54,0
DA:56,0
LF:27
LH:0
end_of_record
SF:lib\widgets\ranking_list.dart
DA:8,1
DA:11,0
DA:12,0
DA:28,0
DA:31,0
DA:33,0
DA:34,0
DA:37,0
DA:39,0
DA:40,0
DA:43,0
DA:46,0
DA:47,0
DA:48,0
DA:49,0
DA:51,0
DA:52,0
DA:55,0
DA:56,0
DA:57,0
DA:62,0
DA:63,0
DA:65,0
DA:66,0
DA:69,0
DA:71,0
DA:72,0
DA:75,0
DA:78,0
DA:79,0
DA:80,0
DA:84,0
DA:85,0
DA:88,0
DA:89,0
DA:93,0
DA:94,0
DA:95,0
DA:96,0
DA:97,0
DA:99,0
DA:100,0
DA:101,0
DA:103,0
DA:104,0
DA:106,0
DA:107,0
DA:108,0
DA:109,0
DA:113,0
DA:114,0
DA:117,0
DA:121,0
DA:122,0
DA:123,0
DA:124,0
DA:128,0
DA:129,0
DA:130,0
DA:138,0
DA:139,0
DA:141,0
DA:142,0
DA:145,0
DA:147,0
DA:148,0
DA:149,0
DA:158,0
DA:160,0
DA:161,0
DA:165,0
DA:166,0
DA:169,0
DA:170,0
DA:171,0
DA:174,0
DA:176,0
DA:177,0
DA:178,0
DA:181,0
DA:182,0
DA:183,0
DA:184,0
DA:185,0
DA:186,0
DA:191,0
DA:192,0
LF:87
LH:1
end_of_record
SF:lib\widgets\tategaki.dart
DA:5,0
DA:17,0
DA:30,0
DA:31,0
DA:37,0
DA:39,0
DA:40,0
DA:43,0
DA:45,0
DA:46,0
DA:47,0
DA:48,0
DA:49,0
DA:50,0
DA:54,0
DA:56,0
DA:58,0
DA:59,0
DA:62,0
DA:64,0
DA:65,0
DA:66,0
DA:67,0
DA:68,0
DA:72,0
DA:76,0
DA:77,0
DA:78,0
DA:80,0
DA:81,0
DA:83,0
DA:85,0
DA:86,0
DA:87,0
DA:88,0
DA:89,0
DA:91,0
DA:96,0
DA:97,0
DA:98,0
DA:99,0
DA:103,0
DA:104,0
DA:105,0
DA:106,0
DA:110,0
DA:111,0
DA:114,0
DA:119,0
DA:121,0
DA:125,0
DA:126,0
DA:127,0
DA:128,0
DA:129,0
DA:136,0
DA:144,0
DA:146,0
DA:148,0
DA:149,0
DA:150,0
DA:152,0
DA:153,0
DA:155,0
DA:157,0
DA:159,0
DA:160,0
DA:161,0
DA:169,0
DA:171,0
LF:70
LH:0
end_of_record
