SF:lib/models/novel_content_element.dart
DA:13,0
DA:14,0
LF:2
LH:0
end_of_record
SF:lib/models/novel_content_element.g.dart
DA:9,0
DA:10,0
DA:12,0
DA:13,0
DA:14,0
DA:17,0
DA:18,0
DA:19,0
DA:20,0
DA:23,0
DA:24,0
DA:25,0
DA:26,0
DA:29,0
DA:30,0
DA:32,0
DA:33,0
LF:17
LH:0
end_of_record
SF:lib/widgets/novel_content_view.dart
DA:9,2
DA:14,2
DA:16,4
DA:20,2
DA:21,4
DA:22,2
DA:26,4
DA:30,2
DA:31,6
DA:32,4
DA:35,2
DA:37,2
DA:45,2
DA:49,2
DA:50,4
DA:52,2
DA:53,6
DA:54,1
DA:55,1
DA:56,1
DA:57,1
DA:58,1
DA:59,1
DA:64,1
DA:65,1
LF:25
LH:25
end_of_record
SF:lib/widgets/ruby_text_widget.dart
DA:7,2
DA:23,1
DA:25,2
DA:26,5
DA:30,1
DA:33,1
DA:35,1
DA:36,3
DA:39,1
DA:40,3
DA:41,1
DA:42,2
LF:12
LH:12
end_of_record
SF:lib/models/ranking_response.dart
DA:76,0
DA:77,0
DA:79,0
LF:3
LH:0
end_of_record
SF:lib/models/ranking_response.g.dart
DA:9,0
DA:10,0
DA:11,0
DA:12,0
DA:13,0
DA:14,0
DA:15,0
DA:16,0
DA:17,0
DA:18,0
DA:19,0
DA:20,0
DA:21,0
DA:22,0
DA:23,0
DA:25,0
DA:28,0
DA:30,0
DA:31,0
DA:32,0
DA:33,0
DA:34,0
DA:35,0
DA:36,0
DA:37,0
DA:38,0
DA:39,0
DA:40,0
DA:41,0
DA:42,0
DA:43,0
LF:31
LH:0
end_of_record
SF:lib/providers/enriched_novel_provider.dart
DA:11,3
DA:23,0
DA:25,0
DA:26,0
DA:32,6
DA:33,6
DA:34,1
DA:35,1
DA:38,1
DA:39,3
DA:43,1
DA:44,0
DA:47,0
DA:48,0
DA:49,0
DA:53,0
DA:61,0
DA:62,0
DA:63,0
DA:64,0
DA:67,0
DA:68,0
DA:71,0
DA:72,0
DA:73,0
DA:77,0
DA:84,0
DA:85,0
DA:86,0
DA:90,0
DA:91,0
DA:92,0
DA:93,0
DA:97,0
DA:98,0
DA:99,0
DA:100,0
DA:101,0
DA:104,0
DA:105,0
DA:106,0
DA:107,0
DA:109,0
DA:112,0
DA:114,0
LF:45
LH:8
end_of_record
SF:lib/widgets/novel_list_tile.dart
DA:11,5
DA:35,5
DA:38,5
DA:39,15
DA:40,15
DA:44,5
DA:45,31
DA:46,4
DA:47,20
DA:48,6
DA:49,4
DA:52,15
DA:56,5
DA:57,39
DA:59,24
DA:60,25
DA:64,5
DA:65,0
DA:66,0
DA:68,15
DA:71,5
DA:77,5
DA:78,21
DA:79,5
DA:80,5
DA:81,10
DA:84,5
DA:85,31
DA:87,5
DA:88,5
LF:30
LH:28
end_of_record
SF:lib/database/database.g.dart
DA:10,0
DA:324,0
DA:325,0
DA:326,0
DA:327,0
DA:328,0
DA:329,0
DA:330,0
DA:331,0
DA:332,0
DA:333,0
DA:334,0
DA:335,0
DA:336,0
DA:337,0
DA:338,0
DA:339,0
DA:340,0
DA:341,0
DA:342,0
DA:343,0
DA:344,0
DA:345,0
DA:346,0
DA:347,0
DA:348,0
DA:349,0
DA:350,0
DA:351,0
DA:352,0
DA:353,0
DA:354,0
DA:356,0
DA:357,0
DA:358,0
DA:361,0
DA:366,0
DA:367,0
DA:368,0
DA:369,0
DA:371,0
DA:374,0
DA:376,0
DA:377,0
DA:379,0
DA:382,0
DA:383,0
DA:385,0
DA:388,0
DA:389,0
DA:391,0
DA:394,0
DA:395,0
DA:397,0
DA:400,0
DA:401,0
DA:403,0
DA:406,0
DA:407,0
DA:409,0
DA:412,0
DA:413,0
DA:415,0
DA:418,0
DA:419,0
DA:421,0
DA:424,0
DA:425,0
DA:427,0
DA:430,0
DA:431,0
DA:433,0
DA:436,0
DA:437,0
DA:439,0
DA:442,0
DA:443,0
DA:445,0
DA:448,0
DA:449,0
DA:451,0
DA:452,0
DA:457,0
DA:458,0
DA:460,0
DA:461,0
DA:466,0
DA:467,0
DA:469,0
DA:470,0
DA:475,0
DA:476,0
DA:478,0
DA:481,0
DA:482,0
DA:484,0
DA:485,0
DA:490,0
DA:491,0
DA:493,0
DA:496,0
DA:497,0
DA:499,0
DA:502,0
DA:503,0
DA:505,0
DA:508,0
DA:509,0
DA:511,0
DA:514,0
DA:515,0
DA:517,0
DA:518,0
DA:523,0
DA:524,0
DA:526,0
DA:527,0
DA:532,0
DA:533,0
DA:535,0
DA:536,0
DA:541,0
DA:542,0
DA:544,0
DA:545,0
DA:550,0
DA:551,0
DA:553,0
DA:554,0
DA:559,0
DA:560,0
DA:562,0
DA:563,0
DA:568,0
DA:569,0
DA:571,0
DA:577,0
DA:578,0
DA:579,0
DA:581,0
DA:582,0
DA:583,0
DA:585,0
DA:587,0
DA:589,0
DA:591,0
DA:593,0
DA:595,0
DA:597,0
DA:599,0
DA:601,0
DA:603,0
DA:605,0
DA:607,0
DA:609,0
DA:611,0
DA:613,0
DA:615,0
DA:617,0
DA:619,0
DA:621,0
DA:623,0
DA:625,0
DA:627,0
DA:629,0
DA:631,0
DA:633,0
DA:635,0
DA:637,0
DA:639,0
DA:641,0
DA:643,0
DA:645,0
DA:647,0
DA:649,0
DA:651,0
DA:653,0
DA:655,0
DA:657,0
DA:659,0
DA:661,0
DA:663,0
DA:665,0
DA:667,0
DA:669,0
DA:671,0
DA:673,0
DA:675,0
DA:677,0
DA:679,0
DA:681,0
DA:683,0
DA:685,0
DA:687,0
DA:689,0
DA:691,0
DA:693,0
DA:695,0
DA:697,0
DA:702,0
DA:704,0
DA:798,1
DA:829,0
DA:831,0
DA:832,0
DA:833,0
DA:834,0
DA:836,0
DA:837,0
DA:839,0
DA:840,0
DA:842,0
DA:843,0
DA:845,0
DA:846,0
DA:848,0
DA:849,0
DA:851,0
DA:852,0
DA:854,0
DA:855,0
DA:857,0
DA:858,0
DA:860,0
DA:861,0
DA:863,0
DA:864,0
DA:866,0
DA:867,0
DA:869,0
DA:870,0
DA:872,0
DA:873,0
DA:875,0
DA:876,0
DA:878,0
DA:879,0
DA:881,0
DA:882,0
DA:884,0
DA:885,0
DA:887,0
DA:888,0
DA:890,0
DA:891,0
DA:893,0
DA:894,0
DA:896,0
DA:897,0
DA:899,0
DA:900,0
DA:902,0
DA:903,0
DA:905,0
DA:906,0
DA:908,0
DA:909,0
DA:911,0
DA:912,0
DA:914,0
DA:915,0
DA:920,0
DA:921,0
DA:922,0
DA:923,0
DA:925,0
DA:926,0
DA:928,0
DA:929,0
DA:931,0
DA:932,0
DA:934,0
DA:935,0
DA:937,0
DA:938,0
DA:940,0
DA:941,0
DA:943,0
DA:944,0
DA:946,0
DA:947,0
DA:949,0
DA:950,0
DA:952,0
DA:953,0
DA:955,0
DA:956,0
DA:958,0
DA:959,0
DA:961,0
DA:962,0
DA:964,0
DA:965,0
DA:967,0
DA:968,0
DA:970,0
DA:971,0
DA:973,0
DA:974,0
DA:976,0
DA:977,0
DA:979,0
DA:980,0
DA:982,0
DA:983,0
DA:985,0
DA:986,0
DA:988,0
DA:989,0
DA:991,0
DA:992,0
DA:994,0
DA:995,0
DA:997,0
DA:998,0
DA:1000,0
DA:1001,0
DA:1003,0
DA:1004,0
DA:1006,0
DA:1010,0
DA:1014,0
DA:1015,0
DA:1016,0
DA:1017,0
DA:1018,0
DA:1019,0
DA:1020,0
DA:1021,0
DA:1022,0
DA:1023,0
DA:1024,0
DA:1025,0
DA:1026,0
DA:1027,0
DA:1028,0
DA:1029,0
DA:1030,0
DA:1031,0
DA:1032,0
DA:1033,0
DA:1034,0
DA:1035,0
DA:1036,0
DA:1037,0
DA:1038,0
DA:1039,0
DA:1040,0
DA:1041,0
DA:1042,0
DA:1043,0
DA:1044,0
DA:1047,0
DA:1049,0
DA:1050,0
DA:1051,0
DA:1052,0
DA:1053,0
DA:1054,0
DA:1055,0
DA:1056,0
DA:1057,0
DA:1058,0
DA:1059,0
DA:1060,0
DA:1061,0
DA:1062,0
DA:1063,0
DA:1064,0
DA:1065,0
DA:1066,0
DA:1067,0
DA:1068,0
DA:1069,0
DA:1070,0
DA:1071,0
DA:1072,0
DA:1073,0
DA:1074,0
DA:1075,0
DA:1076,0
DA:1077,0
DA:1078,0
DA:1079,0
DA:1083,0
DA:1113,0
DA:1114,0
DA:1115,0
DA:1116,0
DA:1117,0
DA:1118,0
DA:1119,0
DA:1120,0
DA:1121,0
DA:1122,0
DA:1123,0
DA:1124,0
DA:1125,0
DA:1126,0
DA:1127,0
DA:1128,0
DA:1129,0
DA:1130,0
DA:1131,0
DA:1132,0
DA:1133,0
DA:1134,0
DA:1135,0
DA:1136,0
DA:1137,0
DA:1138,0
DA:1139,0
DA:1140,0
DA:1141,0
DA:1142,0
DA:1143,0
DA:1144,0
DA:1145,0
DA:1146,0
DA:1147,0
DA:1148,0
DA:1150,0
DA:1151,0
DA:1152,0
DA:1153,0
DA:1154,0
DA:1155,0
DA:1156,0
DA:1157,0
DA:1158,0
DA:1159,0
DA:1160,0
DA:1161,0
DA:1162,0
DA:1163,0
DA:1164,0
DA:1165,0
DA:1166,0
DA:1167,0
DA:1168,0
DA:1169,0
DA:1170,0
DA:1171,0
DA:1172,0
DA:1173,0
DA:1174,0
DA:1175,0
DA:1176,0
DA:1177,0
DA:1178,0
DA:1179,0
DA:1180,0
DA:1181,0
DA:1182,0
DA:1183,0
DA:1184,0
DA:1185,0
DA:1186,0
DA:1187,0
DA:1188,0
DA:1189,0
DA:1190,0
DA:1191,0
DA:1192,0
DA:1193,0
DA:1194,0
DA:1195,0
DA:1196,0
DA:1197,0
DA:1198,0
DA:1199,0
DA:1200,0
DA:1201,0
DA:1202,0
DA:1203,0
DA:1204,0
DA:1208,0
DA:1210,0
DA:1211,0
DA:1212,0
DA:1213,0
DA:1214,0
DA:1215,0
DA:1216,0
DA:1217,0
DA:1218,0
DA:1219,0
DA:1220,0
DA:1221,0
DA:1222,0
DA:1223,0
DA:1224,0
DA:1225,0
DA:1226,0
DA:1227,0
DA:1228,0
DA:1229,0
DA:1230,0
DA:1231,0
DA:1232,0
DA:1233,0
DA:1234,0
DA:1235,0
DA:1236,0
DA:1237,0
DA:1238,0
DA:1239,0
DA:1240,0
DA:1241,0
DA:1244,0
DA:1245,0
DA:1246,0
DA:1247,0
DA:1248,0
DA:1249,0
DA:1250,0
DA:1251,0
DA:1252,0
DA:1253,0
DA:1254,0
DA:1255,0
DA:1256,0
DA:1257,0
DA:1258,0
DA:1259,0
DA:1260,0
DA:1261,0
DA:1262,0
DA:1263,0
DA:1264,0
DA:1265,0
DA:1266,0
DA:1267,0
DA:1268,0
DA:1269,0
DA:1270,0
DA:1271,0
DA:1272,0
DA:1273,0
DA:1274,0
DA:1276,0
DA:1279,0
DA:1280,0
DA:1281,0
DA:1282,0
DA:1283,0
DA:1284,0
DA:1285,0
DA:1286,0
DA:1287,0
DA:1288,0
DA:1289,0
DA:1290,0
DA:1291,0
DA:1292,0
DA:1293,0
DA:1294,0
DA:1295,0
DA:1296,0
DA:1297,0
DA:1298,0
DA:1299,0
DA:1300,0
DA:1301,0
DA:1302,0
DA:1303,0
DA:1304,0
DA:1305,0
DA:1306,0
DA:1307,0
DA:1308,0
DA:1342,1
DA:1374,0
DA:1405,0
DA:1406,0
DA:1438,0
DA:1439,0
DA:1440,0
DA:1441,0
DA:1442,0
DA:1443,0
DA:1444,0
DA:1445,0
DA:1446,0
DA:1447,0
DA:1448,0
DA:1449,0
DA:1450,0
DA:1451,0
DA:1452,0
DA:1453,0
DA:1454,0
DA:1455,0
DA:1456,0
DA:1457,0
DA:1458,0
DA:1459,0
DA:1460,0
DA:1461,0
DA:1462,0
DA:1463,0
DA:1464,0
DA:1465,0
DA:1466,0
DA:1467,0
DA:1468,0
DA:1472,0
DA:1504,0
DA:1505,0
DA:1506,0
DA:1507,0
DA:1508,0
DA:1509,0
DA:1510,0
DA:1511,0
DA:1512,0
DA:1513,0
DA:1514,0
DA:1515,0
DA:1516,0
DA:1517,0
DA:1518,0
DA:1519,0
DA:1520,0
DA:1521,0
DA:1522,0
DA:1523,0
DA:1524,0
DA:1525,0
DA:1526,0
DA:1527,0
DA:1528,0
DA:1529,0
DA:1530,0
DA:1531,0
DA:1532,0
DA:1533,0
DA:1534,0
DA:1538,0
DA:1540,0
DA:1541,0
DA:1542,0
DA:1544,0
DA:1545,0
DA:1547,0
DA:1548,0
DA:1550,0
DA:1551,0
DA:1553,0
DA:1554,0
DA:1556,0
DA:1557,0
DA:1559,0
DA:1560,0
DA:1562,0
DA:1563,0
DA:1565,0
DA:1566,0
DA:1568,0
DA:1569,0
DA:1571,0
DA:1572,0
DA:1574,0
DA:1575,0
DA:1577,0
DA:1578,0
DA:1580,0
DA:1581,0
DA:1583,0
DA:1584,0
DA:1586,0
DA:1587,0
DA:1589,0
DA:1590,0
DA:1592,0
DA:1593,0
DA:1595,0
DA:1596,0
DA:1598,0
DA:1599,0
DA:1601,0
DA:1602,0
DA:1604,0
DA:1605,0
DA:1607,0
DA:1608,0
DA:1610,0
DA:1611,0
DA:1613,0
DA:1614,0
DA:1616,0
DA:1617,0
DA:1619,0
DA:1620,0
DA:1622,0
DA:1623,0
DA:1625,0
DA:1626,0
DA:1628,0
DA:1629,0
DA:1634,0
DA:1636,0
DA:1637,0
DA:1638,0
DA:1639,0
DA:1640,0
DA:1641,0
DA:1642,0
DA:1643,0
DA:1644,0
DA:1645,0
DA:1646,0
DA:1647,0
DA:1648,0
DA:1649,0
DA:1650,0
DA:1651,0
DA:1652,0
DA:1653,0
DA:1654,0
DA:1655,0
DA:1656,0
DA:1657,0
DA:1658,0
DA:1659,0
DA:1660,0
DA:1661,0
DA:1662,0
DA:1663,0
DA:1664,0
DA:1665,0
DA:1666,0
DA:1667,0
DA:1668,0
DA:1677,0
DA:1745,0
DA:1746,0
DA:1747,0
DA:1748,0
DA:1749,0
DA:1750,0
DA:1751,0
DA:1752,0
DA:1754,0
DA:1755,0
DA:1756,0
DA:1759,0
DA:1764,0
DA:1765,0
DA:1766,0
DA:1767,0
DA:1769,0
DA:1772,0
DA:1774,0
DA:1775,0
DA:1777,0
DA:1780,0
DA:1781,0
DA:1783,0
DA:1786,0
DA:1787,0
DA:1789,0
DA:1790,0
DA:1795,0
DA:1796,0
DA:1798,0
DA:1801,0
DA:1803,0
DA:1804,0
DA:1806,0
DA:1812,0
DA:1813,0
DA:1814,0
DA:1816,0
DA:1817,0
DA:1818,0
DA:1820,0
DA:1822,0
DA:1824,0
DA:1826,0
DA:1828,0
DA:1830,0
DA:1832,0
DA:1834,0
DA:1836,0
DA:1838,0
DA:1840,0
DA:1845,0
DA:1847,0
DA:1870,0
DA:1878,0
DA:1880,0
DA:1881,0
DA:1882,0
DA:1883,0
DA:1885,0
DA:1886,0
DA:1888,0
DA:1889,0
DA:1891,0
DA:1892,0
DA:1896,0
DA:1897,0
DA:1898,0
DA:1899,0
DA:1901,0
DA:1902,0
DA:1904,0
DA:1905,0
DA:1907,0
DA:1908,0
DA:1909,0
DA:1913,0
DA:1917,0
DA:1918,0
DA:1919,0
DA:1920,0
DA:1921,0
DA:1922,0
DA:1923,0
DA:1924,0
DA:1927,0
DA:1929,0
DA:1930,0
DA:1931,0
DA:1932,0
DA:1933,0
DA:1934,0
DA:1935,0
DA:1936,0
DA:1940,0
DA:1947,0
DA:1948,0
DA:1949,0
DA:1950,0
DA:1951,0
DA:1952,0
DA:1953,0
DA:1955,0
DA:1956,0
DA:1957,0
DA:1958,0
DA:1959,0
DA:1960,0
DA:1961,0
DA:1962,0
DA:1963,0
DA:1964,0
DA:1968,0
DA:1970,0
DA:1971,0
DA:1972,0
DA:1973,0
DA:1974,0
DA:1975,0
DA:1976,0
DA:1977,0
DA:1978,0
DA:1981,0
DA:1983,0
DA:1984,0
DA:1987,0
DA:1988,0
DA:1989,0
DA:1990,0
DA:1991,0
DA:1992,0
DA:1993,0
DA:2004,0
DA:2013,0
DA:2021,0
DA:2022,0
DA:2023,0
DA:2032,0
DA:2033,0
DA:2034,0
DA:2035,0
DA:2036,0
DA:2037,0
DA:2038,0
DA:2039,0
DA:2043,0
DA:2052,0
DA:2053,0
DA:2054,0
DA:2055,0
DA:2056,0
DA:2057,0
DA:2058,0
DA:2059,0
DA:2063,0
DA:2065,0
DA:2066,0
DA:2067,0
DA:2069,0
DA:2070,0
DA:2072,0
DA:2073,0
DA:2075,0
DA:2076,0
DA:2078,0
DA:2079,0
DA:2081,0
DA:2082,0
DA:2084,0
DA:2085,0
DA:2090,0
DA:2092,0
DA:2093,0
DA:2094,0
DA:2095,0
DA:2096,0
DA:2097,0
DA:2098,0
DA:2099,0
DA:2100,0
DA:2101,0
DA:2110,0
DA:2166,0
DA:2167,0
DA:2168,0
DA:2169,0
DA:2170,0
DA:2171,0
DA:2172,0
DA:2174,0
DA:2175,0
DA:2176,0
DA:2179,0
DA:2184,0
DA:2185,0
DA:2186,0
DA:2187,0
DA:2189,0
DA:2192,0
DA:2194,0
DA:2195,0
DA:2197,0
DA:2200,0
DA:2202,0
DA:2203,0
DA:2205,0
DA:2208,0
DA:2209,0
DA:2211,0
DA:2214,0
DA:2215,0
DA:2217,0
DA:2223,0
DA:2224,0
DA:2225,0
DA:2227,0
DA:2228,0
DA:2229,0
DA:2231,0
DA:2233,0
DA:2235,0
DA:2237,0
DA:2239,0
DA:2241,0
DA:2243,0
DA:2245,0
DA:2247,0
DA:2252,0
DA:2254,0
DA:2273,0
DA:2280,0
DA:2282,0
DA:2283,0
DA:2284,0
DA:2285,0
DA:2286,0
DA:2288,0
DA:2289,0
DA:2291,0
DA:2292,0
DA:2297,0
DA:2298,0
DA:2299,0
DA:2300,0
DA:2301,0
DA:2303,0
DA:2304,0
DA:2306,0
DA:2307,0
DA:2309,0
DA:2313,0
DA:2317,0
DA:2318,0
DA:2319,0
DA:2320,0
DA:2321,0
DA:2322,0
DA:2323,0
DA:2326,0
DA:2328,0
DA:2329,0
DA:2330,0
DA:2331,0
DA:2332,0
DA:2333,0
DA:2334,0
DA:2338,0
DA:2344,0
DA:2345,0
DA:2346,0
DA:2347,0
DA:2348,0
DA:2349,0
DA:2351,0
DA:2352,0
DA:2353,0
DA:2354,0
DA:2355,0
DA:2356,0
DA:2357,0
DA:2361,0
DA:2363,0
DA:2364,0
DA:2365,0
DA:2366,0
DA:2367,0
DA:2368,0
DA:2369,0
DA:2370,0
DA:2373,0
DA:2374,0
DA:2375,0
DA:2378,0
DA:2379,0
DA:2380,0
DA:2381,0
DA:2382,0
DA:2383,0
DA:2393,0
DA:2401,0
DA:2408,0
DA:2409,0
DA:2410,0
DA:2418,0
DA:2419,0
DA:2420,0
DA:2421,0
DA:2422,0
DA:2423,0
DA:2424,0
DA:2428,0
DA:2436,0
DA:2437,0
DA:2438,0
DA:2439,0
DA:2440,0
DA:2441,0
DA:2442,0
DA:2446,0
DA:2448,0
DA:2449,0
DA:2450,0
DA:2452,0
DA:2453,0
DA:2455,0
DA:2456,0
DA:2458,0
DA:2459,0
DA:2461,0
DA:2462,0
DA:2464,0
DA:2465,0
DA:2470,0
DA:2472,0
DA:2473,0
DA:2474,0
DA:2475,0
DA:2476,0
DA:2477,0
DA:2478,0
DA:2479,0
DA:2480,0
DA:2489,0
DA:2546,0
DA:2547,0
DA:2548,0
DA:2549,0
DA:2550,0
DA:2551,0
DA:2552,0
DA:2554,0
DA:2555,0
DA:2556,0
DA:2559,0
DA:2564,0
DA:2565,0
DA:2566,0
DA:2567,0
DA:2569,0
DA:2572,0
DA:2574,0
DA:2575,0
DA:2577,0
DA:2578,0
DA:2583,0
DA:2585,0
DA:2586,0
DA:2588,0
DA:2589,0
DA:2594,0
DA:2596,0
DA:2597,0
DA:2599,0
DA:2600,0
DA:2605,0
DA:2607,0
DA:2608,0
DA:2610,0
DA:2611,0
DA:2616,0
DA:2621,0
DA:2622,0
DA:2623,0
DA:2625,0
DA:2626,0
DA:2627,0
DA:2629,0
DA:2631,0
DA:2633,0
DA:2635,0
DA:2637,0
DA:2639,0
DA:2641,0
DA:2643,0
DA:2645,0
DA:2650,0
DA:2652,0
DA:2673,0
DA:2680,0
DA:2682,0
DA:2683,0
DA:2684,0
DA:2685,0
DA:2686,0
DA:2687,0
DA:2691,0
DA:2692,0
DA:2693,0
DA:2694,0
DA:2695,0
DA:2696,0
DA:2697,0
DA:2701,0
DA:2705,0
DA:2706,0
DA:2707,0
DA:2708,0
DA:2709,0
DA:2710,0
DA:2711,0
DA:2714,0
DA:2716,0
DA:2717,0
DA:2718,0
DA:2719,0
DA:2720,0
DA:2721,0
DA:2722,0
DA:2726,0
DA:2732,0
DA:2733,0
DA:2734,0
DA:2735,0
DA:2736,0
DA:2737,0
DA:2739,0
DA:2740,0
DA:2741,0
DA:2742,0
DA:2743,0
DA:2744,0
DA:2745,0
DA:2746,0
DA:2747,0
DA:2748,0
DA:2749,0
DA:2750,0
DA:2751,0
DA:2752,0
DA:2753,0
DA:2757,0
DA:2759,0
DA:2760,0
DA:2761,0
DA:2762,0
DA:2763,0
DA:2764,0
DA:2765,0
DA:2766,0
DA:2769,0
DA:2770,0
DA:2771,0
DA:2772,0
DA:2773,0
DA:2774,0
DA:2775,0
DA:2777,0
DA:2780,0
DA:2781,0
DA:2782,0
DA:2783,0
DA:2784,0
DA:2785,0
DA:2795,0
DA:2803,0
DA:2810,0
DA:2811,0
DA:2812,0
DA:2813,0
DA:2814,0
DA:2815,0
DA:2823,0
DA:2824,0
DA:2825,0
DA:2826,0
DA:2827,0
DA:2828,0
DA:2829,0
DA:2833,0
DA:2841,0
DA:2842,0
DA:2843,0
DA:2844,0
DA:2845,0
DA:2846,0
DA:2847,0
DA:2851,0
DA:2853,0
DA:2854,0
DA:2855,0
DA:2857,0
DA:2858,0
DA:2860,0
DA:2861,0
DA:2863,0
DA:2864,0
DA:2866,0
DA:2867,0
DA:2868,0
DA:2871,0
DA:2872,0
DA:2877,0
DA:2879,0
DA:2880,0
DA:2881,0
DA:2882,0
DA:2883,0
DA:2884,0
DA:2885,0
DA:2886,0
DA:2887,0
DA:2896,0
DA:2945,0
DA:2946,0
DA:2947,0
DA:2948,0
DA:2949,0
DA:2950,0
DA:2952,0
DA:2953,0
DA:2954,0
DA:2957,0
DA:2962,0
DA:2963,0
DA:2964,0
DA:2965,0
DA:2967,0
DA:2970,0
DA:2972,0
DA:2973,0
DA:2975,0
DA:2978,0
DA:2980,0
DA:2981,0
DA:2983,0
DA:2984,0
DA:2989,0
DA:2994,0
DA:2995,0
DA:2996,0
DA:2998,0
DA:2999,0
DA:3000,0
DA:3002,0
DA:3004,0
DA:3006,0
DA:3008,0
DA:3009,0
DA:3011,0
DA:3014,0
DA:3016,0
DA:3021,0
DA:3023,0
DA:3027,0
DA:3044,0
DA:3050,0
DA:3052,0
DA:3053,0
DA:3054,0
DA:3056,0
DA:3057,0
DA:3060,0
DA:3064,0
DA:3065,0
DA:3066,0
DA:3067,0
DA:3068,0
DA:3069,0
DA:3073,0
DA:3077,0
DA:3078,0
DA:3079,0
DA:3080,0
DA:3081,0
DA:3082,0
DA:3085,0
DA:3087,0
DA:3088,0
DA:3089,0
DA:3090,0
DA:3091,0
DA:3092,0
DA:3096,0
DA:3101,0
DA:3102,0
DA:3103,0
DA:3104,0
DA:3105,0
DA:3107,0
DA:3108,0
DA:3109,0
DA:3110,0
DA:3111,0
DA:3112,0
DA:3113,0
DA:3114,0
DA:3118,0
DA:3120,0
DA:3121,0
DA:3122,0
DA:3123,0
DA:3124,0
DA:3125,0
DA:3126,0
DA:3129,0
DA:3130,0
DA:3131,0
DA:3134,0
DA:3135,0
DA:3136,0
DA:3137,0
DA:3138,0
DA:3148,0
DA:3155,0
DA:3161,0
DA:3162,0
DA:3163,0
DA:3164,0
DA:3165,0
DA:3172,0
DA:3173,0
DA:3174,0
DA:3175,0
DA:3176,0
DA:3177,0
DA:3181,0
DA:3188,0
DA:3189,0
DA:3190,0
DA:3191,0
DA:3192,0
DA:3193,0
DA:3197,0
DA:3199,0
DA:3200,0
DA:3201,0
DA:3203,0
DA:3204,0
DA:3206,0
DA:3207,0
DA:3208,0
DA:3211,0
DA:3212,0
DA:3214,0
DA:3215,0
DA:3220,0
DA:3222,0
DA:3223,0
DA:3224,0
DA:3225,0
DA:3226,0
DA:3227,0
DA:3228,0
DA:3229,0
DA:3238,1
DA:3332,2
DA:3334,1
DA:3339,0
DA:3340,0
DA:3341,0
DA:3342,0
DA:3343,0
DA:3344,0
DA:3345,0
DA:3346,0
DA:3347,0
DA:3348,0
DA:3349,0
DA:3351,1
DA:3352,2
DA:3353,1
DA:3356,0
DA:3361,0
DA:3362,0
DA:3363,0
DA:3364,0
DA:3366,0
DA:3369,0
DA:3371,0
DA:3372,0
DA:3374,0
DA:3377,0
DA:3378,0
DA:3380,0
DA:3383,0
DA:3384,0
DA:3386,0
DA:3389,0
DA:3390,0
DA:3392,0
DA:3395,0
DA:3396,0
DA:3398,0
DA:3401,0
DA:3402,0
DA:3404,0
DA:3405,0
DA:3410,0
DA:3411,0
DA:3413,0
DA:3414,0
DA:3419,0
DA:3420,0
DA:3422,0
DA:3425,0
DA:3430,0
DA:3431,0
DA:3432,0
DA:3434,0
DA:3435,0
DA:3436,0
DA:3438,0
DA:3440,0
DA:3442,0
DA:3444,0
DA:3446,0
DA:3448,0
DA:3450,0
DA:3452,0
DA:3454,0
DA:3456,0
DA:3458,0
DA:3460,0
DA:3462,0
DA:3464,0
DA:3466,0
DA:3468,0
DA:3470,0
DA:3475,0
DA:3477,0
DA:3512,0
DA:3523,0
DA:3525,0
DA:3526,0
DA:3527,0
DA:3528,0
DA:3530,0
DA:3531,0
DA:3533,0
DA:3534,0
DA:3536,0
DA:3537,0
DA:3539,0
DA:3540,0
DA:3542,0
DA:3543,0
DA:3545,0
DA:3546,0
DA:3548,0
DA:3552,0
DA:3553,0
DA:3554,0
DA:3555,0
DA:3557,0
DA:3558,0
DA:3560,0
DA:3561,0
DA:3563,0
DA:3564,0
DA:3566,0
DA:3567,0
DA:3569,0
DA:3570,0
DA:3572,0
DA:3573,0
DA:3575,0
DA:3576,0
DA:3580,0
DA:3584,0
DA:3585,0
DA:3586,0
DA:3587,0
DA:3588,0
DA:3589,0
DA:3590,0
DA:3591,0
DA:3592,0
DA:3593,0
DA:3594,0
DA:3597,0
DA:3599,0
DA:3600,0
DA:3601,0
DA:3602,0
DA:3603,0
DA:3604,0
DA:3605,0
DA:3606,0
DA:3607,0
DA:3608,0
DA:3609,0
DA:3613,0
DA:3623,0
DA:3624,0
DA:3625,0
DA:3626,0
DA:3627,0
DA:3628,0
DA:3629,0
DA:3630,0
DA:3631,0
DA:3632,0
DA:3633,0
DA:3634,0
DA:3636,0
DA:3637,0
DA:3638,0
DA:3639,0
DA:3640,0
DA:3641,0
DA:3642,0
DA:3643,0
DA:3644,0
DA:3645,0
DA:3646,0
DA:3647,0
DA:3648,0
DA:3649,0
DA:3650,0
DA:3654,0
DA:3656,0
DA:3657,0
DA:3658,0
DA:3659,0
DA:3660,0
DA:3661,0
DA:3662,0
DA:3663,0
DA:3664,0
DA:3665,0
DA:3666,0
DA:3667,0
DA:3670,0
DA:3671,0
DA:3672,0
DA:3673,0
DA:3674,0
DA:3675,0
DA:3676,0
DA:3677,0
DA:3678,0
DA:3679,0
DA:3680,0
DA:3682,0
DA:3685,0
DA:3686,0
DA:3687,0
DA:3688,0
DA:3689,0
DA:3690,0
DA:3691,0
DA:3692,0
DA:3693,0
DA:3694,0
DA:3708,1
DA:3720,0
DA:3731,0
DA:3732,0
DA:3733,0
DA:3745,0
DA:3746,0
DA:3747,0
DA:3748,0
DA:3749,0
DA:3750,0
DA:3751,0
DA:3752,0
DA:3753,0
DA:3754,0
DA:3755,0
DA:3759,0
DA:3771,0
DA:3772,0
DA:3773,0
DA:3774,0
DA:3775,0
DA:3776,0
DA:3777,0
DA:3778,0
DA:3779,0
DA:3780,0
DA:3781,0
DA:3785,0
DA:3787,0
DA:3788,0
DA:3789,0
DA:3791,0
DA:3792,0
DA:3794,0
DA:3795,0
DA:3797,0
DA:3798,0
DA:3800,0
DA:3801,0
DA:3803,0
DA:3804,0
DA:3806,0
DA:3807,0
DA:3809,0
DA:3810,0
DA:3812,0
DA:3813,0
DA:3815,0
DA:3816,0
DA:3821,0
DA:3823,0
DA:3824,0
DA:3825,0
DA:3826,0
DA:3827,0
DA:3828,0
DA:3829,0
DA:3830,0
DA:3831,0
DA:3832,0
DA:3833,0
DA:3834,0
DA:3835,0
DA:3844,0
DA:3898,0
DA:3899,0
DA:3900,0
DA:3901,0
DA:3902,0
DA:3903,0
DA:3904,0
DA:3906,0
DA:3907,0
DA:3908,0
DA:3911,0
DA:3916,0
DA:3917,0
DA:3918,0
DA:3919,0
DA:3921,0
DA:3924,0
DA:3926,0
DA:3927,0
DA:3929,0
DA:3932,0
DA:3934,0
DA:3935,0
DA:3937,0
DA:3940,0
DA:3942,0
DA:3943,0
DA:3945,0
DA:3948,0
DA:3949,0
DA:3951,0
DA:3954,0
DA:3959,0
DA:3960,0
DA:3961,0
DA:3963,0
DA:3964,0
DA:3965,0
DA:3967,0
DA:3969,0
DA:3971,0
DA:3973,0
DA:3975,0
DA:3977,0
DA:3979,0
DA:3981,0
DA:3983,0
DA:3988,0
DA:3990,0
DA:4010,0
DA:4017,0
DA:4019,0
DA:4020,0
DA:4021,0
DA:4022,0
DA:4023,0
DA:4024,0
DA:4026,0
DA:4030,0
DA:4031,0
DA:4032,0
DA:4033,0
DA:4034,0
DA:4035,0
DA:4037,0
DA:4038,0
DA:4042,0
DA:4046,0
DA:4047,0
DA:4048,0
DA:4049,0
DA:4050,0
DA:4051,0
DA:4052,0
DA:4055,0
DA:4057,0
DA:4058,0
DA:4059,0
DA:4060,0
DA:4061,0
DA:4062,0
DA:4063,0
DA:4067,0
DA:4073,0
DA:4074,0
DA:4075,0
DA:4076,0
DA:4077,0
DA:4078,0
DA:4080,0
DA:4081,0
DA:4082,0
DA:4083,0
DA:4084,0
DA:4085,0
DA:4086,0
DA:4090,0
DA:4092,0
DA:4093,0
DA:4094,0
DA:4095,0
DA:4096,0
DA:4097,0
DA:4098,0
DA:4099,0
DA:4102,0
DA:4103,0
DA:4104,0
DA:4107,0
DA:4108,0
DA:4109,0
DA:4110,0
DA:4111,0
DA:4112,0
DA:4122,0
DA:4130,0
DA:4137,0
DA:4138,0
DA:4139,0
DA:4140,0
DA:4141,0
DA:4149,0
DA:4150,0
DA:4151,0
DA:4152,0
DA:4153,0
DA:4154,0
DA:4155,0
DA:4159,0
DA:4167,0
DA:4168,0
DA:4169,0
DA:4170,0
DA:4171,0
DA:4172,0
DA:4173,0
DA:4177,0
DA:4179,0
DA:4180,0
DA:4181,0
DA:4183,0
DA:4184,0
DA:4186,0
DA:4187,0
DA:4189,0
DA:4190,0
DA:4192,0
DA:4193,0
DA:4195,0
DA:4196,0
DA:4201,0
DA:4203,0
DA:4204,0
DA:4205,0
DA:4206,0
DA:4207,0
DA:4208,0
DA:4209,0
DA:4210,0
DA:4211,0
DA:4216,2
DA:4217,0
DA:4226,2
DA:4228,0
DA:4230,0
DA:4231,0
DA:4232,0
DA:4233,0
DA:4234,0
DA:4235,0
DA:4236,0
DA:4237,0
DA:4238,0
DA:4239,0
DA:4312,0
DA:4319,0
DA:4320,0
DA:4321,0
DA:4324,0
DA:4325,0
DA:4326,0
DA:4329,0
DA:4330,0
DA:4331,0
DA:4334,0
DA:4335,0
DA:4336,0
DA:4339,0
DA:4340,0
DA:4341,0
DA:4344,0
DA:4345,0
DA:4346,0
DA:4349,0
DA:4350,0
DA:4351,0
DA:4354,0
DA:4355,0
DA:4356,0
DA:4359,0
DA:4360,0
DA:4361,0
DA:4364,0
DA:4365,0
DA:4366,0
DA:4369,0
DA:4370,0
DA:4371,0
DA:4374,0
DA:4375,0
DA:4376,0
DA:4379,0
DA:4380,0
DA:4381,0
DA:4384,0
DA:4385,0
DA:4386,0
DA:4389,0
DA:4390,0
DA:4391,0
DA:4394,0
DA:4395,0
DA:4396,0
DA:4399,0
DA:4400,0
DA:4401,0
DA:4404,0
DA:4405,0
DA:4406,0
DA:4409,0
DA:4410,0
DA:4411,0
DA:4414,0
DA:4415,0
DA:4416,0
DA:4419,0
DA:4420,0
DA:4421,0
DA:4424,0
DA:4425,0
DA:4426,0
DA:4429,0
DA:4430,0
DA:4431,0
DA:4434,0
DA:4435,0
DA:4436,0
DA:4439,0
DA:4440,0
DA:4441,0
DA:4444,0
DA:4445,0
DA:4446,0
DA:4449,0
DA:4450,0
DA:4451,0
DA:4454,0
DA:4455,0
DA:4456,0
DA:4459,0
DA:4460,0
DA:4461,0
DA:4467,0
DA:4474,0
DA:4475,0
DA:4476,0
DA:4479,0
DA:4480,0
DA:4481,0
DA:4484,0
DA:4485,0
DA:4486,0
DA:4489,0
DA:4490,0
DA:4491,0
DA:4494,0
DA:4495,0
DA:4496,0
DA:4499,0
DA:4500,0
DA:4501,0
DA:4504,0
DA:4505,0
DA:4506,0
DA:4509,0
DA:4510,0
DA:4511,0
DA:4514,0
DA:4515,0
DA:4516,0
DA:4519,0
DA:4520,0
DA:4521,0
DA:4524,0
DA:4525,0
DA:4526,0
DA:4529,0
DA:4530,0
DA:4531,0
DA:4534,0
DA:4535,0
DA:4536,0
DA:4539,0
DA:4540,0
DA:4541,0
DA:4544,0
DA:4545,0
DA:4546,0
DA:4549,0
DA:4550,0
DA:4551,0
DA:4554,0
DA:4555,0
DA:4556,0
DA:4559,0
DA:4560,0
DA:4561,0
DA:4564,0
DA:4565,0
DA:4566,0
DA:4569,0
DA:4570,0
DA:4571,0
DA:4574,0
DA:4575,0
DA:4576,0
DA:4579,0
DA:4580,0
DA:4581,0
DA:4584,0
DA:4585,0
DA:4586,0
DA:4589,0
DA:4590,0
DA:4591,0
DA:4594,0
DA:4595,0
DA:4596,0
DA:4599,0
DA:4600,0
DA:4601,0
DA:4604,0
DA:4605,0
DA:4606,0
DA:4609,0
DA:4610,0
DA:4611,0
DA:4614,0
DA:4615,0
DA:4616,0
DA:4622,0
DA:4629,0
DA:4630,0
DA:4632,0
DA:4633,0
DA:4635,0
DA:4636,0
DA:4638,0
DA:4639,0
DA:4641,0
DA:4642,0
DA:4644,0
DA:4645,0
DA:4647,0
DA:4648,0
DA:4650,0
DA:4651,0
DA:4653,0
DA:4654,0
DA:4656,0
DA:4657,0
DA:4659,0
DA:4660,0
DA:4662,0
DA:4663,0
DA:4665,0
DA:4666,0
DA:4668,0
DA:4669,0
DA:4670,0
DA:4673,0
DA:4674,0
DA:4675,0
DA:4678,0
DA:4679,0
DA:4680,0
DA:4683,0
DA:4684,0
DA:4686,0
DA:4687,0
DA:4688,0
DA:4691,0
DA:4692,0
DA:4694,0
DA:4695,0
DA:4697,0
DA:4698,0
DA:4699,0
DA:4702,0
DA:4703,0
DA:4704,0
DA:4707,0
DA:4708,0
DA:4709,0
DA:4712,0
DA:4713,0
DA:4714,0
DA:4717,0
DA:4718,0
DA:4719,0
DA:4722,0
DA:4723,0
DA:4724,0
DA:4727,0
DA:4728,0
DA:4729,0
DA:4732,0
DA:4733,0
DA:4734,0
DA:4737,0
DA:4738,0
DA:4756,0
DA:4757,0
DA:4758,0
DA:4761,0
DA:4762,0
DA:4763,0
DA:4764,0
DA:4765,0
DA:4766,0
DA:4768,0
DA:4800,0
DA:4833,0
DA:4865,0
DA:4897,0
DA:4898,0
DA:4899,0
DA:4901,0
DA:4944,0
DA:4951,0
DA:4952,0
DA:4953,0
DA:4956,0
DA:4957,0
DA:4958,0
DA:4961,0
DA:4962,0
DA:4963,0
DA:4966,0
DA:4967,0
DA:4968,0
DA:4971,0
DA:4972,0
DA:4973,0
DA:4976,0
DA:4977,0
DA:4978,0
DA:4984,0
DA:4991,0
DA:4992,0
DA:4993,0
DA:4996,0
DA:4997,0
DA:4998,0
DA:5001,0
DA:5002,0
DA:5003,0
DA:5006,0
DA:5007,0
DA:5008,0
DA:5011,0
DA:5012,0
DA:5013,0
DA:5016,0
DA:5017,0
DA:5018,0
DA:5024,0
DA:5031,0
DA:5032,0
DA:5034,0
DA:5035,0
DA:5037,0
DA:5038,0
DA:5040,0
DA:5041,0
DA:5042,0
DA:5045,0
DA:5046,0
DA:5048,0
DA:5049,0
DA:5070,0
DA:5071,0
DA:5072,0
DA:5075,0
DA:5076,0
DA:5077,0
DA:5078,0
DA:5079,0
DA:5080,0
DA:5082,0
DA:5090,0
DA:5100,0
DA:5108,0
DA:5117,0
DA:5118,0
DA:5119,0
DA:5121,0
DA:5165,0
DA:5172,0
DA:5173,0
DA:5174,0
DA:5177,0
DA:5178,0
DA:5179,0
DA:5182,0
DA:5183,0
DA:5184,0
DA:5187,0
DA:5188,0
DA:5189,0
DA:5192,0
DA:5193,0
DA:5194,0
DA:5200,0
DA:5207,0
DA:5208,0
DA:5209,0
DA:5212,0
DA:5213,0
DA:5214,0
DA:5217,0
DA:5218,0
DA:5219,0
DA:5222,0
DA:5223,0
DA:5224,0
DA:5227,0
DA:5228,0
DA:5229,0
DA:5235,0
DA:5242,0
DA:5243,0
DA:5245,0
DA:5246,0
DA:5248,0
DA:5249,0
DA:5251,0
DA:5252,0
DA:5254,0
DA:5255,0
DA:5276,0
DA:5277,0
DA:5278,0
DA:5281,0
DA:5282,0
DA:5283,0
DA:5284,0
DA:5285,0
DA:5286,0
DA:5288,0
DA:5295,0
DA:5304,0
DA:5311,0
DA:5319,0
DA:5320,0
DA:5321,0
DA:5323,0
DA:5364,0
DA:5371,0
DA:5372,0
DA:5373,0
DA:5376,0
DA:5377,0
DA:5378,0
DA:5381,0
DA:5382,0
DA:5383,0
DA:5386,0
DA:5387,0
DA:5388,0
DA:5391,0
DA:5392,0
DA:5393,0
DA:5399,0
DA:5406,0
DA:5407,0
DA:5408,0
DA:5411,0
DA:5412,0
DA:5413,0
DA:5416,0
DA:5417,0
DA:5418,0
DA:5421,0
DA:5422,0
DA:5423,0
DA:5426,0
DA:5427,0
DA:5428,0
DA:5434,0
DA:5441,0
DA:5442,0
DA:5444,0
DA:5445,0
DA:5446,0
DA:5449,0
DA:5450,0
DA:5451,0
DA:5454,0
DA:5455,0
DA:5456,0
DA:5459,0
DA:5460,0
DA:5461,0
DA:5487,0
DA:5490,0
DA:5491,0
DA:5494,0
DA:5495,0
DA:5496,0
DA:5497,0
DA:5498,0
DA:5499,0
DA:5501,0
DA:5509,0
DA:5518,0
DA:5525,0
DA:5533,0
DA:5534,0
DA:5535,0
DA:5537,0
DA:5583,0
DA:5590,0
DA:5591,0
DA:5592,0
DA:5595,0
DA:5596,0
DA:5597,0
DA:5600,0
DA:5605,0
DA:5606,0
DA:5607,0
DA:5610,0
DA:5611,0
DA:5612,0
DA:5618,0
DA:5625,0
DA:5626,0
DA:5627,0
DA:5630,0
DA:5631,0
DA:5632,0
DA:5635,0
DA:5636,0
DA:5637,0
DA:5640,0
DA:5641,0
DA:5642,0
DA:5648,0
DA:5655,0
DA:5656,0
DA:5658,0
DA:5659,0
DA:5661,0
DA:5663,0
DA:5665,0
DA:5666,0
DA:5667,0
DA:5693,0
DA:5696,0
DA:5697,0
DA:5700,0
DA:5701,0
DA:5702,0
DA:5703,0
DA:5704,0
DA:5705,0
DA:5710,0
DA:5717,0
DA:5725,0
DA:5731,0
DA:5738,0
DA:5739,0
DA:5740,0
DA:5742,0
DA:5798,0
DA:5805,0
DA:5806,0
DA:5807,0
DA:5810,0
DA:5811,0
DA:5812,0
DA:5815,0
DA:5816,0
DA:5817,0
DA:5820,0
DA:5821,0
DA:5822,0
DA:5825,0
DA:5826,0
DA:5827,0
DA:5830,0
DA:5831,0
DA:5832,0
DA:5835,0
DA:5836,0
DA:5837,0
DA:5840,0
DA:5841,0
DA:5842,0
DA:5845,0
DA:5846,0
DA:5847,0
DA:5853,0
DA:5860,0
DA:5861,0
DA:5862,0
DA:5865,0
DA:5866,0
DA:5867,0
DA:5870,0
DA:5871,0
DA:5872,0
DA:5875,0
DA:5876,0
DA:5877,0
DA:5880,0
DA:5881,0
DA:5882,0
DA:5885,0
DA:5886,0
DA:5887,0
DA:5890,0
DA:5891,0
DA:5892,0
DA:5895,0
DA:5896,0
DA:5897,0
DA:5900,0
DA:5901,0
DA:5902,0
DA:5908,0
DA:5915,0
DA:5916,0
DA:5918,0
DA:5919,0
DA:5921,0
DA:5922,0
DA:5924,0
DA:5925,0
DA:5927,0
DA:5928,0
DA:5930,0
DA:5931,0
DA:5933,0
DA:5934,0
DA:5935,0
DA:5938,0
DA:5939,0
DA:5940,0
DA:5943,0
DA:5944,0
DA:5969,0
DA:5970,0
DA:5971,0
DA:5974,0
DA:5975,0
DA:5976,0
DA:5977,0
DA:5978,0
DA:5979,0
DA:5981,0
DA:5993,0
DA:6006,0
DA:6018,0
DA:6030,0
DA:6031,0
DA:6032,0
DA:6034,0
DA:6078,0
DA:6085,0
DA:6086,0
DA:6087,0
DA:6090,0
DA:6091,0
DA:6092,0
DA:6095,0
DA:6096,0
DA:6097,0
DA:6100,0
DA:6101,0
DA:6102,0
DA:6105,0
DA:6106,0
DA:6107,0
DA:6113,0
DA:6120,0
DA:6121,0
DA:6122,0
DA:6125,0
DA:6126,0
DA:6127,0
DA:6130,0
DA:6131,0
DA:6132,0
DA:6135,0
DA:6136,0
DA:6137,0
DA:6140,0
DA:6141,0
DA:6142,0
DA:6148,0
DA:6155,0
DA:6156,0
DA:6158,0
DA:6159,0
DA:6161,0
DA:6162,0
DA:6164,0
DA:6165,0
DA:6167,0
DA:6168,0
DA:6189,0
DA:6190,0
DA:6191,0
DA:6194,0
DA:6195,0
DA:6196,0
DA:6197,0
DA:6198,0
DA:6199,0
DA:6201,0
DA:6208,0
DA:6217,0
DA:6224,0
DA:6232,0
DA:6233,0
DA:6234,0
DA:6236,0
DA:6262,0
DA:6263,0
DA:6264,0
DA:6265,0
DA:6266,0
DA:6267,0
DA:6268,0
DA:6269,0
DA:6270,0
DA:6271,0
DA:6272,0
DA:6273,0
DA:6274,0
DA:6275,0
DA:6276,0
DA:6292,8
DA:6293,0
DA:6303,1
DA:6304,1
DA:6306,1
DA:6309,1
DA:6311,1
DA:6313,1
DA:6317,2
DA:6318,2
DA:6320,2
DA:6325,1
LF:2531
LH:22
end_of_record
SF:lib/database/database.dart
DA:14,1
DA:17,1
DA:24,16
DA:26,0
DA:28,0
DA:29,0
DA:31,0
DA:33,0
DA:34,0
DA:35,0
DA:37,0
DA:40,0
DA:42,0
DA:50,0
DA:53,0
DA:56,0
DA:59,0
DA:63,0
DA:67,0
DA:70,0
DA:73,0
DA:76,0
DA:79,0
DA:82,0
DA:85,0
DA:88,0
DA:91,0
DA:94,0
DA:97,0
DA:101,0
DA:104,0
DA:107,0
DA:110,0
DA:113,0
DA:116,0
DA:119,0
DA:122,0
DA:125,0
DA:128,0
DA:131,0
DA:134,0
DA:137,0
DA:139,0
DA:140,0
DA:146,0
DA:149,0
DA:152,0
DA:155,0
DA:158,0
DA:161,0
DA:163,0
DA:164,0
DA:170,0
DA:173,0
DA:176,0
DA:179,0
DA:182,0
DA:184,0
DA:185,0
DA:191,0
DA:194,0
DA:198,0
DA:201,0
DA:203,0
DA:204,0
DA:210,0
DA:214,0
DA:217,0
DA:220,0
DA:223,0
DA:225,0
DA:226,0
DA:232,0
DA:235,0
DA:238,0
DA:241,0
DA:245,0
DA:249,0
DA:252,0
DA:255,0
DA:259,0
DA:261,0
DA:262,0
DA:268,0
DA:271,0
DA:274,0
DA:277,0
DA:281,0
DA:283,0
DA:284,0
DA:303,3
DA:307,0
DA:309,0
DA:312,0
DA:314,0
DA:315,0
DA:316,0
DA:318,0
DA:319,0
DA:320,0
DA:324,0
DA:326,0
DA:329,0
DA:336,0
DA:338,0
DA:339,0
DA:340,0
DA:341,0
DA:342,0
DA:343,0
DA:344,0
DA:347,0
DA:360,0
DA:361,0
DA:362,0
DA:366,0
DA:368,0
DA:372,0
DA:383,0
DA:389,0
DA:392,0
DA:401,0
DA:402,0
DA:403,0
DA:404,0
DA:408,0
DA:409,0
DA:410,0
DA:416,0
DA:417,0
DA:418,0
DA:419,0
DA:423,1
DA:424,1
DA:425,1
DA:426,6
DA:430,0
DA:431,0
DA:432,0
DA:433,0
DA:438,0
DA:439,0
DA:440,0
DA:441,0
DA:442,0
DA:446,0
DA:447,0
DA:448,0
DA:449,0
DA:453,0
DA:454,0
DA:455,0
DA:461,0
DA:462,0
DA:463,0
DA:464,0
DA:468,0
DA:469,0
DA:470,0
DA:471,0
DA:472,0
DA:473,0
DA:474,0
DA:481,0
DA:482,0
DA:483,0
DA:484,0
DA:488,0
DA:489,0
DA:490,0
DA:491,0
DA:495,0
DA:496,0
DA:500,0
DA:501,0
DA:502,0
DA:508,0
DA:509,0
DA:510,0
DA:511,0
DA:513,0
DA:517,0
DA:518,0
DA:519,0
DA:525,0
DA:526,0
DA:527,0
DA:528,0
DA:530,0
DA:534,0
DA:535,0
DA:536,0
DA:537,0
DA:538,0
DA:539,0
DA:541,0
DA:545,0
DA:546,0
DA:547,0
DA:553,0
DA:554,0
DA:555,0
DA:556,0
DA:560,0
DA:561,0
DA:562,0
DA:563,0
DA:567,0
DA:568,0
DA:569,0
DA:570,0
DA:574,0
DA:575,0
DA:576,0
DA:582,0
DA:583,0
DA:584,0
DA:585,0
DA:586,0
DA:590,0
DA:591,0
DA:592,0
DA:593,0
DA:594,0
DA:595,0
DA:597,0
DA:601,1
DA:602,2
DA:603,1
DA:604,0
DA:605,0
LF:231
LH:11
end_of_record
SF:lib/models/episode.dart
DA:49,0
DA:51,0
LF:2
LH:0
end_of_record
SF:lib/models/episode.g.dart
DA:9,0
DA:10,0
DA:11,0
DA:12,0
DA:13,0
DA:14,0
DA:15,0
DA:16,0
DA:17,0
DA:20,0
DA:21,0
DA:22,0
DA:23,0
DA:24,0
DA:25,0
DA:26,0
DA:27,0
DA:28,0
LF:18
LH:0
end_of_record
SF:lib/models/novel_info.dart
DA:159,0
DA:161,0
DA:168,1
DA:169,1
DA:170,2
DA:171,2
DA:172,2
DA:173,2
DA:174,2
DA:175,2
DA:176,2
DA:177,2
DA:178,3
DA:179,3
DA:180,2
DA:181,2
DA:182,2
DA:183,2
DA:184,2
DA:185,2
DA:186,2
DA:187,2
DA:188,2
DA:189,2
DA:190,3
DA:191,3
DA:192,2
DA:193,2
DA:194,2
DA:195,2
DA:196,2
DA:197,2
LF:32
LH:30
end_of_record
SF:lib/models/novel_info.g.dart
DA:9,0
DA:10,0
DA:11,0
DA:12,0
DA:13,0
DA:14,0
DA:15,0
DA:16,0
DA:17,0
DA:18,0
DA:19,0
DA:20,0
DA:21,0
DA:22,0
DA:23,0
DA:24,0
DA:25,0
DA:26,0
DA:27,0
DA:28,0
DA:29,0
DA:30,0
DA:31,0
DA:32,0
DA:33,0
DA:34,0
DA:35,0
DA:37,0
DA:38,0
DA:39,0
DA:40,0
DA:41,0
DA:42,0
DA:43,0
DA:44,0
DA:45,0
DA:46,0
DA:49,0
DA:51,0
DA:52,0
DA:53,0
DA:54,0
DA:55,0
DA:56,0
DA:57,0
DA:58,0
DA:59,0
DA:60,0
DA:61,0
DA:62,0
DA:63,0
DA:64,0
DA:65,0
DA:66,0
DA:67,0
DA:68,0
DA:69,0
DA:70,0
DA:71,0
DA:72,0
DA:73,0
DA:74,0
DA:75,0
DA:76,0
DA:77,0
DA:79,0
DA:80,0
DA:81,0
DA:82,0
DA:83,0
DA:84,0
DA:85,0
DA:86,0
LF:73
LH:0
end_of_record
SF:lib/models/string_to_int_converter.dart
DA:6,48
DA:8,0
DA:10,0
DA:13,0
DA:14,0
DA:16,0
DA:17,0
DA:22,0
LF:8
LH:1
end_of_record
SF:lib/models/novel_search_query.dart
DA:202,0
DA:203,0
DA:211,0
DA:212,0
DA:213,0
DA:214,0
DA:215,0
DA:216,0
DA:217,0
DA:218,0
DA:219,0
DA:220,0
DA:221,0
DA:222,0
DA:223,0
DA:224,0
DA:225,0
DA:226,0
DA:227,0
DA:228,0
DA:229,0
DA:230,0
DA:231,0
DA:232,0
DA:233,0
DA:234,0
DA:235,0
DA:236,0
DA:237,0
DA:238,0
DA:239,0
DA:240,0
DA:241,0
DA:242,0
DA:243,0
DA:244,0
DA:245,0
DA:246,0
DA:247,0
DA:248,0
DA:249,0
DA:250,0
DA:251,0
DA:252,0
DA:253,0
DA:254,0
DA:255,0
LF:47
LH:0
end_of_record
SF:lib/models/novel_search_query.g.dart
DA:9,0
DA:10,0
DA:11,0
DA:12,0
DA:13,0
DA:14,0
DA:15,0
DA:16,0
DA:17,0
DA:18,0
DA:19,0
DA:20,0
DA:21,0
DA:22,0
DA:23,0
DA:24,0
DA:25,0
DA:26,0
DA:27,0
DA:28,0
DA:29,0
DA:30,0
DA:31,0
DA:32,0
DA:33,0
DA:34,0
DA:35,0
DA:36,0
DA:37,0
DA:38,0
DA:39,0
DA:40,0
DA:41,0
DA:42,0
DA:43,0
DA:44,0
DA:45,0
DA:46,0
DA:47,0
DA:48,0
DA:49,0
DA:50,0
DA:51,0
DA:52,0
DA:53,0
DA:54,0
DA:55,0
DA:56,0
DA:57,0
DA:58,0
DA:59,0
DA:60,0
DA:61,0
DA:62,0
DA:63,0
DA:64,0
DA:65,0
DA:66,0
DA:69,0
DA:70,0
DA:71,0
DA:72,0
DA:73,0
DA:74,0
DA:75,0
DA:76,0
DA:77,0
DA:78,0
DA:79,0
DA:80,0
DA:81,0
DA:82,0
DA:83,0
DA:84,0
DA:85,0
DA:86,0
DA:87,0
DA:88,0
DA:89,0
DA:90,0
DA:91,0
DA:92,0
DA:93,0
DA:94,0
DA:95,0
DA:96,0
DA:97,0
DA:98,0
DA:99,0
DA:100,0
DA:101,0
DA:102,0
DA:103,0
DA:104,0
DA:105,0
DA:106,0
DA:107,0
DA:108,0
DA:109,0
DA:110,0
DA:111,0
DA:112,0
LF:102
LH:0
end_of_record
SF:lib/services/api_service.dart
DA:19,6
DA:22,2
DA:23,2
DA:24,0
DA:25,0
DA:26,0
DA:32,0
DA:33,0
DA:34,0
DA:35,0
DA:43,0
DA:44,0
DA:45,0
DA:46,0
DA:47,0
DA:48,0
DA:49,0
DA:52,0
DA:54,0
DA:57,0
DA:58,0
DA:61,0
DA:62,0
DA:65,0
DA:68,1
DA:69,2
DA:70,1
DA:77,2
DA:78,0
DA:79,0
DA:80,0
DA:81,0
DA:82,0
DA:86,0
DA:87,0
DA:88,0
DA:91,0
DA:92,0
DA:94,0
DA:100,0
DA:103,0
DA:104,0
DA:109,0
DA:111,0
DA:112,0
DA:114,0
DA:117,0
DA:118,0
DA:127,0
DA:128,0
DA:129,0
DA:130,0
DA:133,0
DA:135,0
DA:138,0
DA:139,0
DA:142,0
DA:143,0
DA:144,0
DA:145,0
DA:146,0
DA:147,0
DA:148,0
DA:155,0
DA:159,0
DA:161,0
DA:173,0
DA:174,0
DA:177,0
DA:178,0
DA:179,0
DA:181,0
DA:186,0
DA:187,0
DA:191,0
DA:192,0
DA:193,0
DA:194,0
DA:195,0
DA:196,0
DA:197,0
DA:208,0
DA:209,0
DA:210,0
DA:211,0
DA:213,0
DA:215,0
DA:216,0
DA:217,0
DA:221,0
DA:222,0
DA:223,0
DA:227,1
DA:228,1
DA:231,0
DA:232,0
DA:233,0
DA:235,0
DA:240,0
DA:241,0
DA:245,0
DA:247,0
DA:248,0
DA:249,0
DA:250,0
DA:251,0
DA:252,0
DA:260,0
DA:261,0
DA:263,0
DA:264,0
DA:265,0
DA:269,0
DA:270,0
DA:272,0
DA:273,0
DA:278,0
DA:279,0
DA:281,0
DA:285,0
DA:286,0
DA:287,0
DA:289,0
DA:294,0
DA:295,0
DA:296,0
DA:300,0
DA:301,0
DA:302,0
DA:305,0
DA:307,0
DA:312,0
DA:313,0
DA:316,0
DA:317,0
DA:318,0
DA:320,0
DA:325,0
DA:326,0
DA:330,0
DA:333,0
DA:334,0
DA:339,0
DA:340,0
DA:342,0
DA:344,0
DA:345,0
DA:346,0
DA:350,0
DA:351,0
DA:354,0
DA:355,0
DA:358,0
DA:360,0
DA:361,0
DA:362,0
DA:365,0
DA:368,0
DA:370,0
DA:372,0
DA:373,0
DA:380,1
DA:383,3
DA:385,2
DA:387,3
DA:388,1
DA:389,3
DA:392,1
DA:394,0
DA:396,0
DA:399,0
DA:403,2
DA:409,1
DA:411,2
DA:413,2
DA:414,1
DA:416,3
DA:418,2
DA:422,0
DA:423,0
DA:425,0
DA:427,0
DA:428,0
DA:429,0
DA:431,0
DA:432,0
DA:433,0
DA:438,0
DA:439,0
DA:440,0
DA:442,0
DA:443,0
DA:444,0
DA:445,0
DA:448,0
DA:450,0
DA:451,0
DA:453,0
DA:455,0
DA:459,0
DA:460,0
DA:462,0
DA:463,0
DA:464,0
DA:465,0
DA:467,0
DA:468,0
DA:470,0
DA:471,0
DA:472,0
DA:473,0
DA:474,0
DA:476,0
DA:478,0
DA:480,0
DA:485,0
DA:486,0
DA:494,0
DA:495,0
DA:496,0
DA:498,0
DA:502,0
DA:506,0
DA:507,0
DA:510,0
DA:511,0
DA:513,0
DA:515,0
DA:519,0
DA:522,0
DA:523,0
DA:528,0
DA:530,0
DA:531,0
DA:534,0
DA:536,0
DA:537,0
DA:539,0
DA:543,0
DA:545,0
DA:547,0
DA:550,0
DA:551,0
DA:552,0
DA:556,0
DA:557,0
DA:562,0
DA:563,0
DA:567,0
DA:569,0
DA:577,0
DA:579,0
DA:585,0
DA:587,0
DA:588,0
DA:593,0
DA:594,0
DA:595,0
DA:599,0
DA:601,0
DA:603,0
DA:607,0
DA:609,0
DA:610,0
DA:611,0
DA:612,0
DA:615,0
DA:618,0
DA:619,0
DA:620,0
DA:624,0
DA:625,0
DA:627,0
LF:273
LH:23
end_of_record
SF:lib/models/download_progress.dart
DA:20,1
DA:23,1
DA:24,2
DA:25,3
DA:29,0
DA:32,2
LF:6
LH:5
end_of_record
SF:lib/widgets/ranking_list.dart
DA:11,2
DA:27,2
DA:30,4
DA:31,4
DA:32,2
DA:33,2
DA:36,4
DA:39,3
DA:40,3
DA:41,6
DA:44,3
DA:45,1
DA:52,1
DA:53,1
DA:54,1
DA:56,2
DA:61,2
DA:62,2
DA:63,2
DA:67,3
DA:68,1
DA:69,1
DA:70,1
DA:71,1
DA:73,2
DA:76,2
DA:77,0
DA:79,0
DA:80,0
DA:83,0
DA:84,0
DA:86,2
DA:89,4
DA:90,4
DA:94,4
DA:95,4
DA:97,0
DA:98,0
DA:99,0
DA:105,2
DA:108,2
DA:109,2
DA:110,2
DA:113,2
DA:120,2
DA:122,2
DA:123,2
DA:127,1
DA:133,2
DA:134,0
DA:138,2
DA:141,0
DA:142,0
DA:145,0
DA:146,0
DA:150,0
DA:151,0
DA:154,0
DA:155,0
DA:158,1
DA:161,1
DA:172,2
DA:174,1
DA:175,1
DA:176,4
DA:177,1
DA:179,3
DA:183,0
DA:184,0
DA:185,0
DA:188,0
DA:189,0
DA:190,0
DA:191,0
DA:192,0
DA:194,0
DA:195,0
DA:199,0
DA:200,0
DA:204,0
DA:207,0
DA:208,0
DA:209,0
DA:210,0
DA:211,0
DA:212,0
DA:213,0
DA:214,0
DA:215,0
DA:216,0
DA:217,0
DA:218,0
DA:219,0
DA:220,0
DA:221,0
DA:223,0
DA:227,0
DA:230,0
DA:231,0
DA:232,0
DA:233,0
DA:234,0
DA:235,0
DA:236,0
DA:237,0
DA:238,0
DA:239,0
DA:240,0
DA:241,0
DA:242,0
DA:243,0
DA:244,0
DA:246,0
DA:250,0
DA:252,0
DA:257,0
DA:261,2
DA:273,2
DA:274,4
DA:277,2
DA:278,1
DA:279,4
DA:280,5
DA:281,1
DA:282,1
DA:285,1
DA:286,4
DA:287,1
DA:288,4
DA:290,1
DA:291,0
DA:292,0
DA:294,1
DA:296,2
DA:297,1
DA:298,2
DA:304,1
DA:305,1
DA:306,1
DA:314,2
DA:315,4
DA:316,4
LF:142
LH:74
end_of_record
SF:lib/widgets/tategaki.dart
DA:12,3
DA:15,0
DA:18,0
DA:22,3
DA:25,3
DA:26,6
DA:27,3
DA:28,6
DA:30,3
DA:32,6
DA:37,2
DA:50,2
DA:51,10
DA:53,2
DA:54,6
DA:56,2
DA:59,2
DA:60,2
DA:62,2
DA:63,2
DA:65,2
DA:67,2
DA:68,4
DA:70,12
DA:71,4
DA:72,4
DA:75,12
DA:76,4
DA:78,16
DA:79,4
DA:80,4
DA:86,3
DA:92,3
DA:104,3
DA:125,3
DA:128,6
DA:129,3
DA:130,12
DA:133,6
DA:134,3
DA:135,6
DA:137,3
DA:140,6
DA:141,3
DA:142,12
DA:144,6
DA:148,3
DA:149,3
DA:150,3
DA:152,3
DA:158,3
DA:162,3
DA:165,3
DA:169,3
DA:170,3
DA:171,3
DA:172,3
DA:173,12
DA:175,3
DA:180,3
DA:181,12
DA:182,0
DA:183,0
DA:185,3
DA:186,6
DA:187,6
DA:188,3
DA:192,6
DA:194,3
DA:195,9
DA:196,3
DA:197,3
DA:198,3
DA:199,3
DA:201,3
DA:202,6
DA:204,2
DA:205,2
DA:206,2
DA:207,1
DA:208,1
DA:209,3
DA:210,2
DA:213,3
DA:214,3
DA:217,3
DA:219,6
DA:224,2
DA:229,2
DA:231,6
DA:232,2
DA:233,2
DA:234,2
DA:235,2
DA:237,2
DA:238,2
DA:239,4
DA:240,2
DA:244,2
DA:247,6
DA:248,2
DA:249,2
DA:250,2
DA:251,2
DA:253,2
DA:254,2
DA:255,4
DA:256,4
DA:257,2
DA:261,2
DA:272,3
DA:280,3
DA:282,3
DA:284,9
DA:285,9
DA:286,3
DA:288,6
DA:290,6
DA:291,3
DA:293,18
DA:295,21
DA:296,6
DA:297,6
DA:304,1
DA:306,6
LF:125
LH:121
end_of_record
SF:lib/screens/library_page.dart
DA:7,3
DA:8,0
DA:11,0
DA:12,0
DA:14,0
DA:15,0
DA:17,0
DA:27,0
DA:29,0
DA:31,0
DA:33,0
DA:34,0
DA:36,0
DA:41,0
DA:43,0
DA:44,0
DA:47,0
DA:78,0
DA:79,0
DA:80,0
DA:83,0
DA:84,0
DA:85,0
DA:86,0
DA:87,0
DA:88,0
DA:89,0
DA:95,0
DA:96,0
DA:97,0
DA:98,0
DA:99,0
DA:101,0
DA:102,0
DA:104,0
DA:106,0
DA:107,0
DA:108,0
DA:109,0
DA:112,0
DA:113,0
DA:115,0
DA:116,0
DA:117,0
DA:118,0
DA:119,0
DA:138,0
DA:139,0
LF:48
LH:1
end_of_record
SF:lib/widgets/enriched_novel_list.dart
DA:12,1
DA:25,1
DA:27,2
DA:30,2
DA:31,1
DA:34,1
DA:35,1
DA:36,1
DA:37,2
DA:42,1
DA:43,1
DA:44,2
DA:48,4
DA:50,1
DA:52,1
DA:54,2
DA:58,0
DA:62,0
DA:63,0
DA:64,0
DA:65,0
DA:66,0
DA:71,4
DA:74,1
DA:77,1
DA:78,2
DA:79,1
DA:80,2
DA:81,1
DA:83,1
DA:86,1
DA:87,2
LF:32
LH:26
end_of_record
SF:lib/repositories/novel_repository.dart
DA:16,4
DA:17,2
DA:18,1
DA:19,1
DA:20,1
DA:27,2
DA:35,1
DA:58,1
DA:59,2
DA:60,0
DA:61,0
DA:64,2
DA:68,0
DA:69,0
DA:70,0
DA:74,0
DA:81,1
DA:82,1
DA:85,2
DA:91,2
DA:94,3
DA:97,2
DA:98,1
DA:99,1
DA:100,3
DA:105,1
DA:106,2
DA:107,3
DA:108,3
DA:109,3
DA:110,3
DA:111,3
DA:116,0
DA:120,0
DA:121,0
DA:124,0
DA:125,0
DA:128,0
DA:133,0
DA:137,0
DA:139,0
DA:142,0
DA:146,0
DA:147,0
DA:148,0
DA:149,0
DA:150,0
DA:151,0
DA:152,0
DA:153,0
DA:159,0
DA:163,0
DA:164,0
DA:168,0
DA:169,0
DA:170,0
DA:172,0
DA:173,0
DA:177,0
DA:178,0
DA:185,0
DA:186,0
DA:189,0
DA:190,0
DA:191,0
DA:192,0
DA:193,0
DA:194,0
DA:199,0
DA:200,0
DA:201,0
DA:203,0
DA:204,0
DA:205,0
DA:210,0
DA:211,0
DA:220,0
DA:221,0
DA:222,0
DA:224,0
DA:225,0
DA:226,0
DA:229,0
DA:230,0
DA:238,0
DA:239,0
DA:240,0
DA:241,0
DA:243,0
DA:244,0
DA:246,0
DA:247,0
DA:250,0
DA:251,0
DA:252,0
DA:253,0
DA:255,0
DA:261,0
DA:262,0
DA:267,0
DA:268,0
DA:272,0
DA:273,0
DA:278,0
DA:279,0
DA:281,0
DA:285,0
DA:286,0
DA:291,0
DA:292,0
DA:293,0
LF:111
LH:26
end_of_record
SF:lib/utils/novel_parser.dart
DA:6,0
DA:7,0
DA:9,0
DA:10,0
DA:11,0
DA:17,0
DA:18,0
DA:19,0
DA:20,0
DA:21,0
DA:23,0
DA:24,0
DA:25,0
DA:26,0
DA:27,0
DA:30,0
DA:31,0
DA:33,0
DA:34,0
DA:35,0
DA:37,0
DA:40,0
DA:42,0
DA:44,0
DA:45,0
DA:46,0
DA:48,0
DA:51,0
DA:52,0
LF:29
LH:0
end_of_record
SF:lib/utils/settings_provider.g.dart
DA:17,3
DA:18,0
DA:28,1
DA:29,1
DA:31,1
DA:33,1
DA:36,1
DA:40,1
DA:43,1
DA:44,1
DA:46,1
DA:53,1
LF:12
LH:11
end_of_record
SF:lib/utils/settings_provider.dart
DA:14,2
DA:34,3
DA:37,1
DA:43,1
DA:44,1
DA:45,1
DA:46,0
DA:47,1
DA:51,1
DA:53,1
DA:54,0
DA:55,1
DA:56,0
DA:57,1
DA:58,0
DA:59,1
DA:60,0
DA:61,1
DA:62,0
DA:65,1
DA:88,2
DA:90,1
DA:92,1
DA:94,0
DA:95,0
DA:96,0
DA:98,0
DA:99,0
DA:101,0
DA:110,0
DA:111,0
DA:112,0
DA:113,0
DA:118,0
DA:119,0
DA:120,0
DA:121,0
DA:126,0
DA:127,0
DA:128,0
DA:129,0
DA:134,0
DA:135,0
DA:136,0
DA:137,0
LF:45
LH:17
end_of_record
SF:lib/widgets/novel_content.dart
DA:16,0
DA:17,0
DA:21,0
DA:22,0
DA:28,0
DA:40,0
DA:42,0
DA:43,0
DA:44,0
DA:47,0
DA:49,0
DA:61,1
DA:73,1
DA:76,2
DA:77,2
DA:78,1
DA:79,3
DA:81,2
DA:82,1
DA:83,2
DA:84,1
DA:85,2
DA:86,1
DA:90,1
DA:91,1
DA:93,1
DA:96,1
DA:97,1
DA:98,1
DA:99,1
DA:102,1
DA:111,1
DA:113,1
DA:114,1
DA:116,1
DA:121,0
DA:122,4
DA:125,1
DA:126,4
LF:39
LH:27
end_of_record
SF:lib/widgets/novel_list.dart
DA:15,1
DA:23,1
DA:25,1
DA:28,2
DA:29,1
DA:32,2
DA:35,1
DA:36,1
DA:37,1
DA:38,2
DA:43,1
DA:44,1
DA:45,2
DA:49,4
DA:51,2
DA:53,1
DA:54,2
DA:61,1
DA:62,2
DA:63,0
DA:67,0
DA:68,0
DA:69,0
DA:70,0
DA:71,0
DA:72,0
DA:74,0
DA:75,0
DA:79,0
DA:80,0
DA:81,0
DA:82,0
DA:83,0
DA:88,4
DA:91,1
DA:94,1
DA:95,2
DA:96,1
DA:97,2
DA:98,1
DA:100,1
DA:101,2
LF:42
LH:28
end_of_record
